{"/Users/gniewko/Repos/salonbw/frontend/src/testUtils.ts": {"path":"/Users/gniewko/Repos/salonbw/frontend/src/testUtils.ts","statementMap":{"0":{"start":{"line":4,"column":31},"end":{"line":18,"column":null}},"1":{"start":{"line":6,"column":33},"end":{"line":18,"column":null}},"2":{"start":{"line":4,"column":13},"end":{"line":4,"column":31}}},"fnMap":{"0":{"name":"(anonymous_0)","decl":{"start":{"line":4,"column":31},"end":{"line":4,"column":null}},"loc":{"start":{"line":6,"column":33},"end":{"line":18,"column":null}}}},"branchMap":{"0":{"loc":{"start":{"line":5,"column":4},"end":{"line":5,"column":55}},"type":"default-arg","locations":[{"start":{"line":5,"column":53},"end":{"line":5,"column":55}}]}},"s":{"0":20,"1":43,"2":20},"f":{"0":43},"b":{"0":[2]}}
,"/Users/gniewko/Repos/salonbw/frontend/src/api/apiClient.ts": {"path":"/Users/gniewko/Repos/salonbw/frontend/src/api/apiClient.ts","statementMap":{"0":{"start":{"line":1,"column":0},"end":{"line":1,"column":77}},"1":{"start":{"line":17,"column":4},"end":{"line":22,"column":5}},"2":{"start":{"line":18,"column":8},"end":{"line":21,"column":10}},"3":{"start":{"line":23,"column":4},"end":{"line":23,"column":17}},"4":{"start":{"line":30,"column":16},"end":{"line":30,"column":45}},"5":{"start":{"line":31,"column":16},"end":{"line":31,"column":36}},"6":{"start":{"line":32,"column":16},"end":{"line":32,"column":61}},"7":{"start":{"line":34,"column":8},"end":{"line":37,"column":11}},"8":{"start":{"line":39,"column":8},"end":{"line":46,"column":11}},"9":{"start":{"line":40,"column":26},"end":{"line":40,"column":41}},"10":{"start":{"line":41,"column":12},"end":{"line":44,"column":13}},"11":{"start":{"line":42,"column":16},"end":{"line":42,"column":54}},"12":{"start":{"line":43,"column":16},"end":{"line":43,"column":65}},"13":{"start":{"line":45,"column":12},"end":{"line":45,"column":26}},"14":{"start":{"line":48,"column":8},"end":{"line":101,"column":10}},"15":{"start":{"line":49,"column":26},"end":{"line":49,"column":34}},"16":{"start":{"line":51,"column":28},"end":{"line":51,"column":null}},"17":{"start":{"line":55,"column":45},"end":{"line":55,"column":48}},"18":{"start":{"line":57,"column":16},"end":{"line":95,"column":17}},"19":{"start":{"line":63,"column":24},"end":{"line":65,"column":34}},"20":{"start":{"line":66,"column":20},"end":{"line":94,"column":21}},"21":{"start":{"line":67,"column":24},"end":{"line":91,"column":25}},"22":{"start":{"line":69,"column":32},"end":{"line":76,"column":null}},"23":{"start":{"line":78,"column":43},"end":{"line":78,"column":58}},"24":{"start":{"line":79,"column":28},"end":{"line":79,"column":58}},"25":{"start":{"line":80,"column":28},"end":{"line":80,"column":49}},"26":{"start":{"line":81,"column":28},"end":{"line":81,"column":66}},"27":{"start":{"line":82,"column":28},"end":{"line":82,"column":90}},"28":{"start":{"line":83,"column":28},"end":{"line":83,"column":54}},"29":{"start":{"line":85,"column":28},"end":{"line":85,"column":44}},"30":{"start":{"line":86,"column":28},"end":{"line":90,"column":30}},"31":{"start":{"line":93,"column":24},"end":{"line":93,"column":40}},"32":{"start":{"line":97,"column":16},"end":{"line":99,"column":18}},"33":{"start":{"line":106,"column":8},"end":{"line":115,"column":9}},"34":{"start":{"line":107,"column":25},"end":{"line":107,"column":null}},"35":{"start":{"line":110,"column":12},"end":{"line":110,"column":65}},"36":{"start":{"line":111,"column":15},"end":{"line":115,"column":9}},"37":{"start":{"line":112,"column":12},"end":{"line":112,"column":38}},"38":{"start":{"line":114,"column":12},"end":{"line":114,"column":36}},"39":{"start":{"line":116,"column":35},"end":{"line":116,"column":53}},"40":{"start":{"line":117,"column":8},"end":{"line":117,"column":49}},"41":{"start":{"line":118,"column":8},"end":{"line":118,"column":24}},"42":{"start":{"line":122,"column":43},"end":{"line":127,"column":10}},"43":{"start":{"line":128,"column":8},"end":{"line":145,"column":9}},"44":{"start":{"line":129,"column":24},"end":{"line":129,"column":59}},"45":{"start":{"line":130,"column":12},"end":{"line":132,"column":13}},"46":{"start":{"line":131,"column":16},"end":{"line":131,"column":38}},"47":{"start":{"line":133,"column":12},"end":{"line":133,"column":28}},"48":{"start":{"line":135,"column":24},"end":{"line":135,"column":52}},"49":{"start":{"line":136,"column":12},"end":{"line":143,"column":13}},"50":{"start":{"line":139,"column":16},"end":{"line":142,"column":18}},"51":{"start":{"line":144,"column":12},"end":{"line":144,"column":40}},"52":{"start":{"line":26,"column":0},"end":{"line":26,"column":13}}},"fnMap":{"0":{"name":"mapTokens","decl":{"start":{"line":16,"column":9},"end":{"line":16,"column":18}},"loc":{"start":{"line":16,"column":38},"end":{"line":24,"column":1}}},"1":{"name":"(anonymous_2)","decl":{"start":{"line":29,"column":4},"end":{"line":29,"column":null}},"loc":{"start":{"line":32,"column":61},"end":{"line":102,"column":5}}},"2":{"name":"(anonymous_3)","decl":{"start":{"line":39,"column":44},"end":{"line":39,"column":45}},"loc":{"start":{"line":39,"column":55},"end":{"line":46,"column":9}}},"3":{"name":"(anonymous_4)","decl":{"start":{"line":49,"column":12},"end":{"line":49,"column":13}},"loc":{"start":{"line":49,"column":26},"end":{"line":49,"column":34}}},"4":{"name":"(anonymous_5)","decl":{"start":{"line":50,"column":12},"end":{"line":50,"column":17}},"loc":{"start":{"line":50,"column":28},"end":{"line":100,"column":13}}},"5":{"name":"(anonymous_6)","decl":{"start":{"line":104,"column":12},"end":{"line":104,"column":23}},"loc":{"start":{"line":104,"column":50},"end":{"line":119,"column":5}}},"6":{"name":"(anonymous_7)","decl":{"start":{"line":121,"column":4},"end":{"line":121,"column":9}},"loc":{"start":{"line":121,"column":61},"end":{"line":146,"column":5}}}},"branchMap":{"0":{"loc":{"start":{"line":17,"column":4},"end":{"line":22,"column":5}},"type":"if","locations":[{"start":{"line":17,"column":4},"end":{"line":22,"column":5}},{"start":{},"end":{}}]},"1":{"loc":{"start":{"line":35,"column":21},"end":{"line":35,"column":74}},"type":"binary-expr","locations":[{"start":{"line":35,"column":21},"end":{"line":35,"column":52}},{"start":{"line":35,"column":56},"end":{"line":35,"column":74}}]},"2":{"loc":{"start":{"line":41,"column":12},"end":{"line":44,"column":13}},"type":"if","locations":[{"start":{"line":41,"column":12},"end":{"line":44,"column":13}},{"start":{},"end":{}}]},"3":{"loc":{"start":{"line":42,"column":33},"end":{"line":42,"column":53}},"type":"cond-expr","locations":[{"start":{"line":42,"column":47},"end":{"line":42,"column":51}},{"start":{"line":42,"column":51},"end":{"line":42,"column":53}}]},"4":{"loc":{"start":{"line":42,"column":33},"end":{"line":42,"column":51}},"type":"binary-expr","locations":[{"start":{"line":42,"column":33},"end":{"line":42,"column":51}},{"start":{"line":42,"column":47},"end":{"line":42,"column":51}}]},"5":{"loc":{"start":{"line":57,"column":16},"end":{"line":95,"column":17}},"type":"if","locations":[{"start":{"line":57,"column":16},"end":{"line":95,"column":17}},{"start":{},"end":{}}]},"6":{"loc":{"start":{"line":58,"column":20},"end":{"line":60,"column":50}},"type":"binary-expr","locations":[{"start":{"line":58,"column":20},"end":{"line":58,"column":44}},{"start":{"line":59,"column":20},"end":{"line":59,"column":34}},{"start":{"line":60,"column":20},"end":{"line":60,"column":50}}]},"7":{"loc":{"start":{"line":58,"column":20},"end":{"line":58,"column":36}},"type":"cond-expr","locations":[{"start":{"line":58,"column":28},"end":{"line":58,"column":30}},{"start":{"line":58,"column":20},"end":{"line":58,"column":36}}]},"8":{"loc":{"start":{"line":58,"column":20},"end":{"line":58,"column":30}},"type":"binary-expr","locations":[{"start":{"line":58,"column":20},"end":{"line":58,"column":30}},{"start":{"line":58,"column":20},"end":{"line":58,"column":30}}]},"9":{"loc":{"start":{"line":63,"column":24},"end":{"line":65,"column":34}},"type":"cond-expr","locations":[{"start":{"line":64,"column":30},"end":{"line":64,"column":66}},{"start":{"line":65,"column":30},"end":{"line":65,"column":34}}]},"10":{"loc":{"start":{"line":66,"column":20},"end":{"line":94,"column":21}},"type":"if","locations":[{"start":{"line":66,"column":20},"end":{"line":94,"column":21}},{"start":{"line":92,"column":27},"end":{"line":94,"column":21}}]},"11":{"loc":{"start":{"line":79,"column":28},"end":{"line":79,"column":57}},"type":"cond-expr","locations":[{"start":{"line":79,"column":47},"end":{"line":79,"column":50}},{"start":{"line":79,"column":47},"end":{"line":79,"column":57}}]},"12":{"loc":{"start":{"line":79,"column":28},"end":{"line":79,"column":50}},"type":"binary-expr","locations":[{"start":{"line":79,"column":28},"end":{"line":79,"column":50}},{"start":{"line":79,"column":47},"end":{"line":79,"column":50}}]},"13":{"loc":{"start":{"line":81,"column":45},"end":{"line":81,"column":65}},"type":"cond-expr","locations":[{"start":{"line":81,"column":59},"end":{"line":81,"column":63}},{"start":{"line":81,"column":63},"end":{"line":81,"column":65}}]},"14":{"loc":{"start":{"line":81,"column":45},"end":{"line":81,"column":63}},"type":"binary-expr","locations":[{"start":{"line":81,"column":45},"end":{"line":81,"column":63}},{"start":{"line":81,"column":59},"end":{"line":81,"column":63}}]},"15":{"loc":{"start":{"line":106,"column":8},"end":{"line":115,"column":9}},"type":"if","locations":[{"start":{"line":106,"column":8},"end":{"line":115,"column":9}},{"start":{"line":111,"column":15},"end":{"line":115,"column":9}}]},"16":{"loc":{"start":{"line":110,"column":22},"end":{"line":110,"column":64}},"type":"binary-expr","locations":[{"start":{"line":110,"column":22},"end":{"line":110,"column":35}},{"start":{"line":110,"column":39},"end":{"line":110,"column":64}}]},"17":{"loc":{"start":{"line":110,"column":22},"end":{"line":110,"column":35}},"type":"cond-expr","locations":[{"start":{"line":110,"column":26},"end":{"line":110,"column":28}},{"start":{"line":110,"column":22},"end":{"line":110,"column":35}}]},"18":{"loc":{"start":{"line":110,"column":22},"end":{"line":110,"column":28}},"type":"binary-expr","locations":[{"start":{"line":110,"column":22},"end":{"line":110,"column":28}},{"start":{"line":110,"column":22},"end":{"line":110,"column":28}}]},"19":{"loc":{"start":{"line":111,"column":15},"end":{"line":115,"column":9}},"type":"if","locations":[{"start":{"line":111,"column":15},"end":{"line":115,"column":9}},{"start":{"line":113,"column":15},"end":{"line":115,"column":9}}]},"20":{"loc":{"start":{"line":117,"column":26},"end":{"line":117,"column":48}},"type":"cond-expr","locations":[{"start":{"line":117,"column":40},"end":{"line":117,"column":42}},{"start":{"line":117,"column":40},"end":{"line":117,"column":48}}]},"21":{"loc":{"start":{"line":117,"column":26},"end":{"line":117,"column":42}},"type":"binary-expr","locations":[{"start":{"line":117,"column":26},"end":{"line":117,"column":42}},{"start":{"line":117,"column":40},"end":{"line":117,"column":42}}]},"22":{"loc":{"start":{"line":121,"column":39},"end":{"line":121,"column":61}},"type":"default-arg","locations":[{"start":{"line":121,"column":59},"end":{"line":121,"column":61}}]},"23":{"loc":{"start":{"line":130,"column":12},"end":{"line":132,"column":13}},"type":"if","locations":[{"start":{"line":130,"column":12},"end":{"line":132,"column":13}},{"start":{},"end":{}}]},"24":{"loc":{"start":{"line":130,"column":16},"end":{"line":130,"column":53}},"type":"binary-expr","locations":[{"start":{"line":130,"column":16},"end":{"line":130,"column":34}},{"start":{"line":130,"column":38},"end":{"line":130,"column":53}}]},"25":{"loc":{"start":{"line":136,"column":12},"end":{"line":143,"column":13}},"type":"if","locations":[{"start":{"line":136,"column":12},"end":{"line":143,"column":13}},{"start":{},"end":{}}]},"26":{"loc":{"start":{"line":141,"column":20},"end":{"line":141,"column":53}},"type":"binary-expr","locations":[{"start":{"line":141,"column":20},"end":{"line":141,"column":38}},{"start":{"line":141,"column":42},"end":{"line":141,"column":53}}]},"27":{"loc":{"start":{"line":141,"column":20},"end":{"line":141,"column":38}},"type":"cond-expr","locations":[{"start":{"line":141,"column":32},"end":{"line":141,"column":34}},{"start":{"line":141,"column":32},"end":{"line":141,"column":38}}]},"28":{"loc":{"start":{"line":141,"column":20},"end":{"line":141,"column":34}},"type":"binary-expr","locations":[{"start":{"line":141,"column":20},"end":{"line":141,"column":34}},{"start":{"line":141,"column":32},"end":{"line":141,"column":34}}]}},"s":{"0":24,"1":1,"2":0,"3":1,"4":28,"5":28,"6":28,"7":28,"8":28,"9":7,"10":7,"11":3,"12":3,"13":7,"14":28,"15":3,"16":3,"17":3,"18":3,"19":2,"20":2,"21":1,"22":1,"23":1,"24":1,"25":1,"26":1,"27":1,"28":1,"29":0,"30":0,"31":1,"32":2,"33":4,"34":2,"35":2,"36":2,"37":0,"38":2,"39":4,"40":4,"41":4,"42":6,"43":6,"44":6,"45":4,"46":2,"47":2,"48":2,"49":2,"50":2,"51":2,"52":24},"f":{"0":1,"1":28,"2":7,"3":3,"4":3,"5":4,"6":6},"b":{"0":[0,1],"1":[28,0],"2":[3,4],"3":[2,1],"4":[3,3],"5":[2,1],"6":[3,2,2],"7":[0,3],"8":[3,3],"9":[2,0],"10":[1,1],"11":[0,1],"12":[1,1],"13":[1,0],"14":[1,1],"15":[2,2],"16":[2,0],"17":[0,2],"18":[2,2],"19":[0,2],"20":[2,2],"21":[4,4],"22":[6],"23":[2,2],"24":[4,3],"25":[2,0],"26":[2,2],"27":[2,0],"28":[2,2]}}
,"/Users/gniewko/Repos/salonbw/frontend/src/api/auth.ts": {"path":"/Users/gniewko/Repos/salonbw/frontend/src/api/auth.ts","statementMap":{"0":{"start":{"line":6,"column":0},"end":{"line":6,"column":16}},"1":{"start":{"line":48,"column":0},"end":{"line":48,"column":7}},"2":{"start":{"line":63,"column":0},"end":{"line":63,"column":7}},"3":{"start":{"line":77,"column":0},"end":{"line":77,"column":7}},"4":{"start":{"line":1,"column":0},"end":{"line":1,"column":40}},"5":{"start":{"line":4,"column":33},"end":{"line":4,"column":41}},"6":{"start":{"line":7,"column":4},"end":{"line":7,"column":24}},"7":{"start":{"line":10,"column":15},"end":{"line":12,"column":null}},"8":{"start":{"line":11,"column":10},"end":{"line":11,"column":14}},"9":{"start":{"line":12,"column":10},"end":{"line":12,"column":26}},"10":{"start":{"line":37,"column":4},"end":{"line":42,"column":5}},"11":{"start":{"line":38,"column":8},"end":{"line":41,"column":10}},"12":{"start":{"line":43,"column":4},"end":{"line":43,"column":17}},"13":{"start":{"line":46,"column":13},"end":{"line":46,"column":48}},"14":{"start":{"line":51,"column":4},"end":{"line":60,"column":5}},"15":{"start":{"line":52,"column":20},"end":{"line":56,"column":10}},"16":{"start":{"line":57,"column":8},"end":{"line":57,"column":30}},"17":{"start":{"line":59,"column":8},"end":{"line":59,"column":77}},"18":{"start":{"line":64,"column":4},"end":{"line":74,"column":5}},"19":{"start":{"line":65,"column":8},"end":{"line":69,"column":11}},"20":{"start":{"line":71,"column":8},"end":{"line":73,"column":10}},"21":{"start":{"line":78,"column":4},"end":{"line":93,"column":5}},"22":{"start":{"line":80,"column":12},"end":{"line":82,"column":22}},"23":{"start":{"line":83,"column":20},"end":{"line":87,"column":10}},"24":{"start":{"line":88,"column":8},"end":{"line":88,"column":30}},"25":{"start":{"line":90,"column":8},"end":{"line":92,"column":10}}},"fnMap":{"0":{"name":"(anonymous_0)","decl":{"start":{"line":4,"column":33},"end":{"line":4,"column":36}},"loc":{"start":{"line":4,"column":38},"end":{"line":4,"column":41}}},"1":{"name":"setLogoutCallback","decl":{"start":{"line":6,"column":16},"end":{"line":6,"column":33}},"loc":{"start":{"line":6,"column":48},"end":{"line":8,"column":1}}},"2":{"name":"(anonymous_2)","decl":{"start":{"line":11,"column":4},"end":{"line":11,"column":7}},"loc":{"start":{"line":11,"column":10},"end":{"line":11,"column":14}}},"3":{"name":"(anonymous_3)","decl":{"start":{"line":12,"column":4},"end":{"line":12,"column":7}},"loc":{"start":{"line":12,"column":10},"end":{"line":12,"column":26}}},"4":{"name":"mapTokens","decl":{"start":{"line":36,"column":9},"end":{"line":36,"column":18}},"loc":{"start":{"line":36,"column":38},"end":{"line":44,"column":1}}},"5":{"name":"login","decl":{"start":{"line":48,"column":22},"end":{"line":48,"column":27}},"loc":{"start":{"line":49,"column":33},"end":{"line":61,"column":1}}},"6":{"name":"register","decl":{"start":{"line":63,"column":22},"end":{"line":63,"column":30}},"loc":{"start":{"line":63,"column":49},"end":{"line":75,"column":1}}},"7":{"name":"refreshToken","decl":{"start":{"line":77,"column":22},"end":{"line":77,"column":34}},"loc":{"start":{"line":77,"column":34},"end":{"line":94,"column":1}}}},"branchMap":{"0":{"loc":{"start":{"line":37,"column":4},"end":{"line":42,"column":5}},"type":"if","locations":[{"start":{"line":37,"column":4},"end":{"line":42,"column":5}},{"start":{},"end":{}}]},"1":{"loc":{"start":{"line":59,"column":24},"end":{"line":59,"column":75}},"type":"cond-expr","locations":[{"start":{"line":59,"column":47},"end":{"line":59,"column":58}},{"start":{"line":59,"column":61},"end":{"line":59,"column":75}}]},"2":{"loc":{"start":{"line":72,"column":12},"end":{"line":72,"column":70}},"type":"cond-expr","locations":[{"start":{"line":72,"column":35},"end":{"line":72,"column":46}},{"start":{"line":72,"column":49},"end":{"line":72,"column":70}}]},"3":{"loc":{"start":{"line":80,"column":12},"end":{"line":82,"column":22}},"type":"cond-expr","locations":[{"start":{"line":81,"column":18},"end":{"line":81,"column":57}},{"start":{"line":82,"column":18},"end":{"line":82,"column":22}}]},"4":{"loc":{"start":{"line":91,"column":12},"end":{"line":91,"column":71}},"type":"cond-expr","locations":[{"start":{"line":91,"column":35},"end":{"line":91,"column":46}},{"start":{"line":91,"column":49},"end":{"line":91,"column":71}}]}},"s":{"0":27,"1":27,"2":27,"3":27,"4":27,"5":27,"6":0,"7":27,"8":0,"9":0,"10":2,"11":1,"12":1,"13":27,"14":2,"15":2,"16":1,"17":1,"18":2,"19":2,"20":1,"21":2,"22":2,"23":2,"24":1,"25":1},"f":{"0":0,"1":0,"2":0,"3":0,"4":2,"5":2,"6":2,"7":2},"b":{"0":[1,1],"1":[0,1],"2":[1,0],"3":[2,0],"4":[0,1]}}
,"/Users/gniewko/Repos/salonbw/frontend/src/api/clients.ts": {"path":"/Users/gniewko/Repos/salonbw/frontend/src/api/clients.ts","statementMap":{"0":{"start":{"line":5,"column":0},"end":{"line":5,"column":16}},"1":{"start":{"line":1,"column":0},"end":{"line":1,"column":49}},"2":{"start":{"line":2,"column":0},"end":{"line":2,"column":51}},"3":{"start":{"line":6,"column":25},"end":{"line":6,"column":34}},"4":{"start":{"line":7,"column":18},"end":{"line":7,"column":28}},"5":{"start":{"line":9,"column":19},"end":{"line":22,"column":5}},"6":{"start":{"line":10,"column":8},"end":{"line":21,"column":9}},"7":{"start":{"line":11,"column":24},"end":{"line":15,"column":14}},"8":{"start":{"line":16,"column":12},"end":{"line":16,"column":44}},"9":{"start":{"line":17,"column":12},"end":{"line":17,"column":23}},"10":{"start":{"line":19,"column":12},"end":{"line":19,"column":70}},"11":{"start":{"line":20,"column":12},"end":{"line":20,"column":22}},"12":{"start":{"line":24,"column":19},"end":{"line":37,"column":5}},"13":{"start":{"line":25,"column":8},"end":{"line":36,"column":9}},"14":{"start":{"line":26,"column":24},"end":{"line":30,"column":14}},"15":{"start":{"line":31,"column":12},"end":{"line":31,"column":44}},"16":{"start":{"line":32,"column":12},"end":{"line":32,"column":23}},"17":{"start":{"line":34,"column":12},"end":{"line":34,"column":70}},"18":{"start":{"line":35,"column":12},"end":{"line":35,"column":22}},"19":{"start":{"line":39,"column":19},"end":{"line":47,"column":5}},"20":{"start":{"line":40,"column":8},"end":{"line":46,"column":9}},"21":{"start":{"line":41,"column":12},"end":{"line":41,"column":67}},"22":{"start":{"line":42,"column":12},"end":{"line":42,"column":44}},"23":{"start":{"line":44,"column":12},"end":{"line":44,"column":70}},"24":{"start":{"line":45,"column":12},"end":{"line":45,"column":22}},"25":{"start":{"line":49,"column":4},"end":{"line":49,"column":38}}},"fnMap":{"0":{"name":"useClientApi","decl":{"start":{"line":5,"column":16},"end":{"line":5,"column":28}},"loc":{"start":{"line":5,"column":28},"end":{"line":50,"column":1}}},"1":{"name":"(anonymous_1)","decl":{"start":{"line":9,"column":19},"end":{"line":9,"column":24}},"loc":{"start":{"line":9,"column":52},"end":{"line":22,"column":5}}},"2":{"name":"(anonymous_2)","decl":{"start":{"line":24,"column":19},"end":{"line":24,"column":24}},"loc":{"start":{"line":24,"column":64},"end":{"line":37,"column":5}}},"3":{"name":"(anonymous_3)","decl":{"start":{"line":39,"column":19},"end":{"line":39,"column":24}},"loc":{"start":{"line":39,"column":40},"end":{"line":47,"column":5}}}},"branchMap":{"0":{"loc":{"start":{"line":19,"column":24},"end":{"line":19,"column":68}},"type":"cond-expr","locations":[{"start":{"line":19,"column":47},"end":{"line":19,"column":58}},{"start":{"line":19,"column":61},"end":{"line":19,"column":68}}]},"1":{"loc":{"start":{"line":34,"column":24},"end":{"line":34,"column":68}},"type":"cond-expr","locations":[{"start":{"line":34,"column":47},"end":{"line":34,"column":58}},{"start":{"line":34,"column":61},"end":{"line":34,"column":68}}]},"2":{"loc":{"start":{"line":44,"column":24},"end":{"line":44,"column":68}},"type":"cond-expr","locations":[{"start":{"line":44,"column":47},"end":{"line":44,"column":58}},{"start":{"line":44,"column":61},"end":{"line":44,"column":68}}]}},"s":{"0":3,"1":3,"2":3,"3":5,"4":5,"5":5,"6":3,"7":3,"8":1,"9":1,"10":2,"11":2,"12":5,"13":1,"14":1,"15":1,"16":1,"17":0,"18":0,"19":5,"20":2,"21":2,"22":1,"23":1,"24":1,"25":5},"f":{"0":5,"1":3,"2":1,"3":2},"b":{"0":[2,0],"1":[0,0],"2":[1,0]}}
,"/Users/gniewko/Repos/salonbw/frontend/src/api/employees.ts": {"path":"/Users/gniewko/Repos/salonbw/frontend/src/api/employees.ts","statementMap":{"0":{"start":{"line":5,"column":0},"end":{"line":5,"column":16}},"1":{"start":{"line":1,"column":0},"end":{"line":1,"column":49}},"2":{"start":{"line":2,"column":0},"end":{"line":2,"column":51}},"3":{"start":{"line":6,"column":25},"end":{"line":6,"column":34}},"4":{"start":{"line":7,"column":18},"end":{"line":7,"column":28}},"5":{"start":{"line":9,"column":19},"end":{"line":22,"column":5}},"6":{"start":{"line":10,"column":8},"end":{"line":21,"column":9}},"7":{"start":{"line":11,"column":24},"end":{"line":15,"column":14}},"8":{"start":{"line":16,"column":12},"end":{"line":16,"column":46}},"9":{"start":{"line":17,"column":12},"end":{"line":17,"column":23}},"10":{"start":{"line":19,"column":12},"end":{"line":19,"column":70}},"11":{"start":{"line":20,"column":12},"end":{"line":20,"column":22}},"12":{"start":{"line":24,"column":19},"end":{"line":40,"column":5}},"13":{"start":{"line":28,"column":8},"end":{"line":39,"column":9}},"14":{"start":{"line":29,"column":24},"end":{"line":33,"column":14}},"15":{"start":{"line":34,"column":12},"end":{"line":34,"column":46}},"16":{"start":{"line":35,"column":12},"end":{"line":35,"column":23}},"17":{"start":{"line":37,"column":12},"end":{"line":37,"column":70}},"18":{"start":{"line":38,"column":12},"end":{"line":38,"column":22}},"19":{"start":{"line":42,"column":19},"end":{"line":50,"column":5}},"20":{"start":{"line":43,"column":8},"end":{"line":49,"column":9}},"21":{"start":{"line":44,"column":12},"end":{"line":44,"column":69}},"22":{"start":{"line":45,"column":12},"end":{"line":45,"column":46}},"23":{"start":{"line":47,"column":12},"end":{"line":47,"column":70}},"24":{"start":{"line":48,"column":12},"end":{"line":48,"column":22}},"25":{"start":{"line":52,"column":4},"end":{"line":52,"column":38}}},"fnMap":{"0":{"name":"useEmployeeApi","decl":{"start":{"line":5,"column":16},"end":{"line":5,"column":30}},"loc":{"start":{"line":5,"column":30},"end":{"line":53,"column":1}}},"1":{"name":"(anonymous_1)","decl":{"start":{"line":9,"column":19},"end":{"line":9,"column":24}},"loc":{"start":{"line":9,"column":75},"end":{"line":22,"column":5}}},"2":{"name":"(anonymous_2)","decl":{"start":{"line":24,"column":19},"end":{"line":24,"column":24}},"loc":{"start":{"line":27,"column":8},"end":{"line":40,"column":5}}},"3":{"name":"(anonymous_3)","decl":{"start":{"line":42,"column":19},"end":{"line":42,"column":24}},"loc":{"start":{"line":42,"column":40},"end":{"line":50,"column":5}}}},"branchMap":{"0":{"loc":{"start":{"line":19,"column":24},"end":{"line":19,"column":68}},"type":"cond-expr","locations":[{"start":{"line":19,"column":47},"end":{"line":19,"column":58}},{"start":{"line":19,"column":61},"end":{"line":19,"column":68}}]},"1":{"loc":{"start":{"line":37,"column":24},"end":{"line":37,"column":68}},"type":"cond-expr","locations":[{"start":{"line":37,"column":47},"end":{"line":37,"column":58}},{"start":{"line":37,"column":61},"end":{"line":37,"column":68}}]},"2":{"loc":{"start":{"line":47,"column":24},"end":{"line":47,"column":68}},"type":"cond-expr","locations":[{"start":{"line":47,"column":47},"end":{"line":47,"column":58}},{"start":{"line":47,"column":61},"end":{"line":47,"column":68}}]}},"s":{"0":2,"1":2,"2":2,"3":5,"4":5,"5":5,"6":3,"7":3,"8":1,"9":1,"10":2,"11":2,"12":5,"13":1,"14":1,"15":1,"16":1,"17":0,"18":0,"19":5,"20":2,"21":2,"22":1,"23":1,"24":1,"25":5},"f":{"0":5,"1":3,"2":1,"3":2},"b":{"0":[2,0],"1":[0,0],"2":[1,0]}}
,"/Users/gniewko/Repos/salonbw/frontend/src/api/payments.ts": {"path":"/Users/gniewko/Repos/salonbw/frontend/src/api/payments.ts","statementMap":{"0":{"start":{"line":3,"column":0},"end":{"line":3,"column":16}},"1":{"start":{"line":1,"column":0},"end":{"line":1,"column":49}},"2":{"start":{"line":4,"column":25},"end":{"line":4,"column":34}},"3":{"start":{"line":6,"column":26},"end":{"line":16,"column":5}},"4":{"start":{"line":7,"column":20},"end":{"line":13,"column":null}},"5":{"start":{"line":15,"column":8},"end":{"line":15,"column":23}},"6":{"start":{"line":18,"column":4},"end":{"line":18,"column":29}}},"fnMap":{"0":{"name":"usePaymentsApi","decl":{"start":{"line":3,"column":16},"end":{"line":3,"column":30}},"loc":{"start":{"line":3,"column":30},"end":{"line":19,"column":1}}},"1":{"name":"(anonymous_1)","decl":{"start":{"line":6,"column":26},"end":{"line":6,"column":31}},"loc":{"start":{"line":6,"column":58},"end":{"line":16,"column":5}}}},"branchMap":{},"s":{"0":1,"1":1,"2":1,"3":1,"4":1,"5":1,"6":1},"f":{"0":1,"1":1},"b":{}}
,"/Users/gniewko/Repos/salonbw/frontend/src/api/products.ts": {"path":"/Users/gniewko/Repos/salonbw/frontend/src/api/products.ts","statementMap":{"0":{"start":{"line":5,"column":0},"end":{"line":5,"column":16}},"1":{"start":{"line":1,"column":0},"end":{"line":1,"column":49}},"2":{"start":{"line":2,"column":0},"end":{"line":2,"column":51}},"3":{"start":{"line":6,"column":25},"end":{"line":6,"column":34}},"4":{"start":{"line":7,"column":18},"end":{"line":7,"column":28}},"5":{"start":{"line":9,"column":19},"end":{"line":28,"column":5}},"6":{"start":{"line":16,"column":8},"end":{"line":27,"column":9}},"7":{"start":{"line":17,"column":24},"end":{"line":21,"column":14}},"8":{"start":{"line":22,"column":12},"end":{"line":22,"column":45}},"9":{"start":{"line":23,"column":12},"end":{"line":23,"column":23}},"10":{"start":{"line":25,"column":12},"end":{"line":25,"column":70}},"11":{"start":{"line":26,"column":12},"end":{"line":26,"column":22}},"12":{"start":{"line":30,"column":19},"end":{"line":52,"column":5}},"13":{"start":{"line":40,"column":8},"end":{"line":51,"column":9}},"14":{"start":{"line":41,"column":24},"end":{"line":45,"column":14}},"15":{"start":{"line":46,"column":12},"end":{"line":46,"column":45}},"16":{"start":{"line":47,"column":12},"end":{"line":47,"column":23}},"17":{"start":{"line":49,"column":12},"end":{"line":49,"column":70}},"18":{"start":{"line":50,"column":12},"end":{"line":50,"column":22}},"19":{"start":{"line":54,"column":24},"end":{"line":67,"column":5}},"20":{"start":{"line":55,"column":8},"end":{"line":66,"column":9}},"21":{"start":{"line":56,"column":24},"end":{"line":60,"column":14}},"22":{"start":{"line":61,"column":12},"end":{"line":61,"column":43}},"23":{"start":{"line":62,"column":12},"end":{"line":62,"column":23}},"24":{"start":{"line":64,"column":12},"end":{"line":64,"column":70}},"25":{"start":{"line":65,"column":12},"end":{"line":65,"column":22}},"26":{"start":{"line":69,"column":19},"end":{"line":77,"column":5}},"27":{"start":{"line":70,"column":8},"end":{"line":76,"column":9}},"28":{"start":{"line":71,"column":12},"end":{"line":71,"column":68}},"29":{"start":{"line":72,"column":12},"end":{"line":72,"column":45}},"30":{"start":{"line":74,"column":12},"end":{"line":74,"column":70}},"31":{"start":{"line":75,"column":12},"end":{"line":75,"column":22}},"32":{"start":{"line":79,"column":4},"end":{"line":79,"column":51}}},"fnMap":{"0":{"name":"useProductApi","decl":{"start":{"line":5,"column":16},"end":{"line":5,"column":29}},"loc":{"start":{"line":5,"column":29},"end":{"line":80,"column":1}}},"1":{"name":"(anonymous_1)","decl":{"start":{"line":9,"column":19},"end":{"line":9,"column":24}},"loc":{"start":{"line":15,"column":9},"end":{"line":28,"column":5}}},"2":{"name":"(anonymous_2)","decl":{"start":{"line":30,"column":19},"end":{"line":30,"column":24}},"loc":{"start":{"line":39,"column":8},"end":{"line":52,"column":5}}},"3":{"name":"(anonymous_3)","decl":{"start":{"line":54,"column":24},"end":{"line":54,"column":29}},"loc":{"start":{"line":54,"column":61},"end":{"line":67,"column":5}}},"4":{"name":"(anonymous_4)","decl":{"start":{"line":69,"column":19},"end":{"line":69,"column":24}},"loc":{"start":{"line":69,"column":40},"end":{"line":77,"column":5}}}},"branchMap":{"0":{"loc":{"start":{"line":25,"column":24},"end":{"line":25,"column":68}},"type":"cond-expr","locations":[{"start":{"line":25,"column":47},"end":{"line":25,"column":58}},{"start":{"line":25,"column":61},"end":{"line":25,"column":68}}]},"1":{"loc":{"start":{"line":49,"column":24},"end":{"line":49,"column":68}},"type":"cond-expr","locations":[{"start":{"line":49,"column":47},"end":{"line":49,"column":58}},{"start":{"line":49,"column":61},"end":{"line":49,"column":68}}]},"2":{"loc":{"start":{"line":64,"column":24},"end":{"line":64,"column":68}},"type":"cond-expr","locations":[{"start":{"line":64,"column":47},"end":{"line":64,"column":58}},{"start":{"line":64,"column":61},"end":{"line":64,"column":68}}]},"3":{"loc":{"start":{"line":74,"column":24},"end":{"line":74,"column":68}},"type":"cond-expr","locations":[{"start":{"line":74,"column":47},"end":{"line":74,"column":58}},{"start":{"line":74,"column":61},"end":{"line":74,"column":68}}]}},"s":{"0":2,"1":2,"2":2,"3":6,"4":6,"5":6,"6":2,"7":2,"8":1,"9":1,"10":1,"11":1,"12":6,"13":2,"14":2,"15":1,"16":1,"17":1,"18":1,"19":6,"20":2,"21":2,"22":1,"23":1,"24":1,"25":1,"26":6,"27":1,"28":1,"29":0,"30":1,"31":1,"32":6},"f":{"0":6,"1":2,"2":2,"3":2,"4":1},"b":{"0":[1,0],"1":[1,0],"2":[1,0],"3":[1,0]}}
,"/Users/gniewko/Repos/salonbw/frontend/src/api/reviews.ts": {"path":"/Users/gniewko/Repos/salonbw/frontend/src/api/reviews.ts","statementMap":{"0":{"start":{"line":5,"column":0},"end":{"line":5,"column":16}},"1":{"start":{"line":1,"column":0},"end":{"line":1,"column":49}},"2":{"start":{"line":2,"column":0},"end":{"line":2,"column":51}},"3":{"start":{"line":6,"column":25},"end":{"line":6,"column":34}},"4":{"start":{"line":7,"column":18},"end":{"line":7,"column":28}},"5":{"start":{"line":9,"column":19},"end":{"line":28,"column":5}},"6":{"start":{"line":13,"column":8},"end":{"line":27,"column":9}},"7":{"start":{"line":14,"column":24},"end":{"line":20,"column":null}},"8":{"start":{"line":22,"column":12},"end":{"line":22,"column":44}},"9":{"start":{"line":23,"column":12},"end":{"line":23,"column":23}},"10":{"start":{"line":25,"column":12},"end":{"line":25,"column":70}},"11":{"start":{"line":26,"column":12},"end":{"line":26,"column":22}},"12":{"start":{"line":30,"column":16},"end":{"line":39,"column":5}},"13":{"start":{"line":31,"column":8},"end":{"line":38,"column":9}},"14":{"start":{"line":32,"column":12},"end":{"line":34,"column":14}},"15":{"start":{"line":36,"column":12},"end":{"line":36,"column":70}},"16":{"start":{"line":37,"column":12},"end":{"line":37,"column":22}},"17":{"start":{"line":41,"column":28},"end":{"line":61,"column":5}},"18":{"start":{"line":45,"column":22},"end":{"line":45,"column":43}},"19":{"start":{"line":46,"column":8},"end":{"line":46,"column":64}},"20":{"start":{"line":46,"column":25},"end":{"line":46,"column":64}},"21":{"start":{"line":47,"column":8},"end":{"line":47,"column":67}},"22":{"start":{"line":47,"column":26},"end":{"line":47,"column":67}},"23":{"start":{"line":48,"column":8},"end":{"line":48,"column":70}},"24":{"start":{"line":48,"column":27},"end":{"line":48,"column":70}},"25":{"start":{"line":49,"column":19},"end":{"line":49,"column":35}},"26":{"start":{"line":50,"column":8},"end":{"line":60,"column":9}},"27":{"start":{"line":51,"column":12},"end":{"line":56,"column":72}},"28":{"start":{"line":58,"column":12},"end":{"line":58,"column":70}},"29":{"start":{"line":59,"column":12},"end":{"line":59,"column":22}},"30":{"start":{"line":63,"column":19},"end":{"line":79,"column":5}},"31":{"start":{"line":67,"column":8},"end":{"line":78,"column":9}},"32":{"start":{"line":68,"column":24},"end":{"line":72,"column":14}},"33":{"start":{"line":73,"column":12},"end":{"line":73,"column":44}},"34":{"start":{"line":74,"column":12},"end":{"line":74,"column":23}},"35":{"start":{"line":76,"column":12},"end":{"line":76,"column":70}},"36":{"start":{"line":77,"column":12},"end":{"line":77,"column":22}},"37":{"start":{"line":81,"column":19},"end":{"line":89,"column":5}},"38":{"start":{"line":82,"column":8},"end":{"line":88,"column":9}},"39":{"start":{"line":83,"column":12},"end":{"line":83,"column":67}},"40":{"start":{"line":84,"column":12},"end":{"line":84,"column":44}},"41":{"start":{"line":86,"column":12},"end":{"line":86,"column":70}},"42":{"start":{"line":87,"column":12},"end":{"line":87,"column":22}},"43":{"start":{"line":91,"column":4},"end":{"line":91,"column":60}}},"fnMap":{"0":{"name":"useReviewApi","decl":{"start":{"line":5,"column":16},"end":{"line":5,"column":28}},"loc":{"start":{"line":5,"column":28},"end":{"line":92,"column":1}}},"1":{"name":"(anonymous_1)","decl":{"start":{"line":9,"column":19},"end":{"line":9,"column":24}},"loc":{"start":{"line":12,"column":8},"end":{"line":28,"column":5}}},"2":{"name":"(anonymous_2)","decl":{"start":{"line":30,"column":16},"end":{"line":30,"column":21}},"loc":{"start":{"line":30,"column":48},"end":{"line":39,"column":5}}},"3":{"name":"(anonymous_3)","decl":{"start":{"line":41,"column":28},"end":{"line":41,"column":33}},"loc":{"start":{"line":44,"column":8},"end":{"line":61,"column":5}}},"4":{"name":"(anonymous_4)","decl":{"start":{"line":63,"column":19},"end":{"line":63,"column":24}},"loc":{"start":{"line":66,"column":8},"end":{"line":79,"column":5}}},"5":{"name":"(anonymous_5)","decl":{"start":{"line":81,"column":19},"end":{"line":81,"column":24}},"loc":{"start":{"line":81,"column":40},"end":{"line":89,"column":5}}}},"branchMap":{"0":{"loc":{"start":{"line":25,"column":24},"end":{"line":25,"column":68}},"type":"cond-expr","locations":[{"start":{"line":25,"column":47},"end":{"line":25,"column":58}},{"start":{"line":25,"column":61},"end":{"line":25,"column":68}}]},"1":{"loc":{"start":{"line":36,"column":24},"end":{"line":36,"column":68}},"type":"cond-expr","locations":[{"start":{"line":36,"column":47},"end":{"line":36,"column":58}},{"start":{"line":36,"column":61},"end":{"line":36,"column":68}}]},"2":{"loc":{"start":{"line":43,"column":8},"end":{"line":43,"column":71}},"type":"default-arg","locations":[{"start":{"line":43,"column":69},"end":{"line":43,"column":71}}]},"3":{"loc":{"start":{"line":46,"column":8},"end":{"line":46,"column":64}},"type":"if","locations":[{"start":{"line":46,"column":8},"end":{"line":46,"column":64}},{"start":{},"end":{}}]},"4":{"loc":{"start":{"line":47,"column":8},"end":{"line":47,"column":67}},"type":"if","locations":[{"start":{"line":47,"column":8},"end":{"line":47,"column":67}},{"start":{},"end":{}}]},"5":{"loc":{"start":{"line":48,"column":8},"end":{"line":48,"column":70}},"type":"if","locations":[{"start":{"line":48,"column":8},"end":{"line":48,"column":70}},{"start":{},"end":{}}]},"6":{"loc":{"start":{"line":56,"column":50},"end":{"line":56,"column":68}},"type":"cond-expr","locations":[{"start":{"line":56,"column":55},"end":{"line":56,"column":63}},{"start":{"line":56,"column":66},"end":{"line":56,"column":68}}]},"7":{"loc":{"start":{"line":58,"column":24},"end":{"line":58,"column":68}},"type":"cond-expr","locations":[{"start":{"line":58,"column":47},"end":{"line":58,"column":58}},{"start":{"line":58,"column":61},"end":{"line":58,"column":68}}]},"8":{"loc":{"start":{"line":76,"column":24},"end":{"line":76,"column":68}},"type":"cond-expr","locations":[{"start":{"line":76,"column":47},"end":{"line":76,"column":58}},{"start":{"line":76,"column":61},"end":{"line":76,"column":68}}]},"9":{"loc":{"start":{"line":86,"column":24},"end":{"line":86,"column":68}},"type":"cond-expr","locations":[{"start":{"line":86,"column":47},"end":{"line":86,"column":58}},{"start":{"line":86,"column":61},"end":{"line":86,"column":68}}]}},"s":{"0":3,"1":3,"2":3,"3":6,"4":6,"5":6,"6":2,"7":2,"8":1,"9":1,"10":1,"11":1,"12":6,"13":2,"14":2,"15":1,"16":1,"17":6,"18":1,"19":1,"20":1,"21":1,"22":1,"23":1,"24":1,"25":1,"26":1,"27":1,"28":1,"29":1,"30":6,"31":1,"32":1,"33":1,"34":1,"35":0,"36":0,"37":6,"38":1,"39":1,"40":1,"41":0,"42":0,"43":6},"f":{"0":6,"1":2,"2":2,"3":1,"4":1,"5":1},"b":{"0":[1,0],"1":[1,0],"2":[0],"3":[1,0],"4":[1,0],"5":[1,0],"6":[1,0],"7":[1,0],"8":[0,0],"9":[0,0]}}
,"/Users/gniewko/Repos/salonbw/frontend/src/api/services.ts": {"path":"/Users/gniewko/Repos/salonbw/frontend/src/api/services.ts","statementMap":{"0":{"start":{"line":5,"column":0},"end":{"line":5,"column":16}},"1":{"start":{"line":1,"column":0},"end":{"line":1,"column":49}},"2":{"start":{"line":2,"column":0},"end":{"line":2,"column":51}},"3":{"start":{"line":6,"column":25},"end":{"line":6,"column":34}},"4":{"start":{"line":7,"column":18},"end":{"line":7,"column":28}},"5":{"start":{"line":9,"column":19},"end":{"line":22,"column":5}},"6":{"start":{"line":10,"column":8},"end":{"line":21,"column":9}},"7":{"start":{"line":11,"column":24},"end":{"line":15,"column":14}},"8":{"start":{"line":16,"column":12},"end":{"line":16,"column":45}},"9":{"start":{"line":17,"column":12},"end":{"line":17,"column":23}},"10":{"start":{"line":19,"column":12},"end":{"line":19,"column":70}},"11":{"start":{"line":20,"column":12},"end":{"line":20,"column":22}},"12":{"start":{"line":24,"column":19},"end":{"line":37,"column":5}},"13":{"start":{"line":25,"column":8},"end":{"line":36,"column":9}},"14":{"start":{"line":26,"column":24},"end":{"line":30,"column":14}},"15":{"start":{"line":31,"column":12},"end":{"line":31,"column":45}},"16":{"start":{"line":32,"column":12},"end":{"line":32,"column":23}},"17":{"start":{"line":34,"column":12},"end":{"line":34,"column":70}},"18":{"start":{"line":35,"column":12},"end":{"line":35,"column":22}},"19":{"start":{"line":39,"column":19},"end":{"line":47,"column":5}},"20":{"start":{"line":40,"column":8},"end":{"line":46,"column":9}},"21":{"start":{"line":41,"column":12},"end":{"line":41,"column":68}},"22":{"start":{"line":42,"column":12},"end":{"line":42,"column":45}},"23":{"start":{"line":44,"column":12},"end":{"line":44,"column":70}},"24":{"start":{"line":45,"column":12},"end":{"line":45,"column":22}},"25":{"start":{"line":49,"column":4},"end":{"line":49,"column":38}}},"fnMap":{"0":{"name":"useServiceApi","decl":{"start":{"line":5,"column":16},"end":{"line":5,"column":29}},"loc":{"start":{"line":5,"column":29},"end":{"line":50,"column":1}}},"1":{"name":"(anonymous_1)","decl":{"start":{"line":9,"column":19},"end":{"line":9,"column":24}},"loc":{"start":{"line":9,"column":52},"end":{"line":22,"column":5}}},"2":{"name":"(anonymous_2)","decl":{"start":{"line":24,"column":19},"end":{"line":24,"column":24}},"loc":{"start":{"line":24,"column":64},"end":{"line":37,"column":5}}},"3":{"name":"(anonymous_3)","decl":{"start":{"line":39,"column":19},"end":{"line":39,"column":24}},"loc":{"start":{"line":39,"column":40},"end":{"line":47,"column":5}}}},"branchMap":{"0":{"loc":{"start":{"line":19,"column":24},"end":{"line":19,"column":68}},"type":"cond-expr","locations":[{"start":{"line":19,"column":47},"end":{"line":19,"column":58}},{"start":{"line":19,"column":61},"end":{"line":19,"column":68}}]},"1":{"loc":{"start":{"line":34,"column":24},"end":{"line":34,"column":68}},"type":"cond-expr","locations":[{"start":{"line":34,"column":47},"end":{"line":34,"column":58}},{"start":{"line":34,"column":61},"end":{"line":34,"column":68}}]},"2":{"loc":{"start":{"line":44,"column":24},"end":{"line":44,"column":68}},"type":"cond-expr","locations":[{"start":{"line":44,"column":47},"end":{"line":44,"column":58}},{"start":{"line":44,"column":61},"end":{"line":44,"column":68}}]}},"s":{"0":2,"1":2,"2":2,"3":5,"4":5,"5":5,"6":3,"7":3,"8":1,"9":1,"10":2,"11":2,"12":5,"13":1,"14":1,"15":1,"16":1,"17":0,"18":0,"19":5,"20":1,"21":1,"22":0,"23":1,"24":1,"25":5},"f":{"0":5,"1":3,"2":1,"3":1},"b":{"0":[2,0],"1":[0,0],"2":[1,0]}}
,"/Users/gniewko/Repos/salonbw/frontend/src/components/AppointmentDetailsModal.tsx": {"path":"/Users/gniewko/Repos/salonbw/frontend/src/components/AppointmentDetailsModal.tsx","statementMap":{"0":{"start":{"line":14,"column":0},"end":{"line":14,"column":24}},"1":{"start":{"line":1,"column":0},"end":{"line":1,"column":39}},"2":{"start":{"line":23,"column":4},"end":{"line":23,"column":34}},"3":{"start":{"line":23,"column":22},"end":{"line":23,"column":34}},"4":{"start":{"line":24,"column":14},"end":{"line":24,"column":25}},"5":{"start":{"line":25,"column":17},"end":{"line":25,"column":55}},"6":{"start":{"line":26,"column":4},"end":{"line":64,"column":6}},"7":{"start":{"line":45,"column":32},"end":{"line":45,"column":74}},"8":{"start":{"line":45,"column":54},"end":{"line":45,"column":74}},"9":{"start":{"line":55,"column":32},"end":{"line":55,"column":78}},"10":{"start":{"line":55,"column":56},"end":{"line":55,"column":78}}},"fnMap":{"0":{"name":"AppointmentDetailsModal","decl":{"start":{"line":14,"column":24},"end":{"line":14,"column":47}},"loc":{"start":{"line":22,"column":8},"end":{"line":65,"column":1}}},"1":{"name":"(anonymous_2)","decl":{"start":{"line":44,"column":37},"end":{"line":44,"column":40}},"loc":{"start":{"line":44,"column":42},"end":{"line":46,"column":29}}},"2":{"name":"(anonymous_3)","decl":{"start":{"line":54,"column":37},"end":{"line":54,"column":40}},"loc":{"start":{"line":54,"column":42},"end":{"line":56,"column":29}}}},"branchMap":{"0":{"loc":{"start":{"line":18,"column":4},"end":{"line":18,"column":21}},"type":"default-arg","locations":[{"start":{"line":18,"column":16},"end":{"line":18,"column":21}}]},"1":{"loc":{"start":{"line":19,"column":4},"end":{"line":19,"column":23}},"type":"default-arg","locations":[{"start":{"line":19,"column":18},"end":{"line":19,"column":23}}]},"2":{"loc":{"start":{"line":23,"column":4},"end":{"line":23,"column":34}},"type":"if","locations":[{"start":{"line":23,"column":4},"end":{"line":23,"column":34}},{"start":{},"end":{}}]},"3":{"loc":{"start":{"line":31,"column":30},"end":{"line":31,"column":51}},"type":"cond-expr","locations":[{"start":{"line":31,"column":44},"end":{"line":31,"column":48}},{"start":{"line":31,"column":48},"end":{"line":31,"column":51}}]},"4":{"loc":{"start":{"line":31,"column":30},"end":{"line":31,"column":48}},"type":"binary-expr","locations":[{"start":{"line":31,"column":30},"end":{"line":31,"column":48}},{"start":{"line":31,"column":44},"end":{"line":31,"column":48}}]},"5":{"loc":{"start":{"line":31,"column":30},"end":{"line":31,"column":44}},"type":"cond-expr","locations":[{"start":{"line":31,"column":38},"end":{"line":31,"column":40}},{"start":{"line":31,"column":38},"end":{"line":31,"column":44}}]},"6":{"loc":{"start":{"line":31,"column":30},"end":{"line":31,"column":40}},"type":"binary-expr","locations":[{"start":{"line":31,"column":30},"end":{"line":31,"column":40}},{"start":{"line":31,"column":38},"end":{"line":31,"column":40}}]},"7":{"loc":{"start":{"line":32,"column":31},"end":{"line":32,"column":53}},"type":"cond-expr","locations":[{"start":{"line":32,"column":46},"end":{"line":32,"column":50}},{"start":{"line":32,"column":50},"end":{"line":32,"column":53}}]},"8":{"loc":{"start":{"line":32,"column":31},"end":{"line":32,"column":50}},"type":"binary-expr","locations":[{"start":{"line":32,"column":31},"end":{"line":32,"column":50}},{"start":{"line":32,"column":46},"end":{"line":32,"column":50}}]},"9":{"loc":{"start":{"line":32,"column":31},"end":{"line":32,"column":46}},"type":"cond-expr","locations":[{"start":{"line":32,"column":40},"end":{"line":32,"column":42}},{"start":{"line":32,"column":40},"end":{"line":32,"column":46}}]},"10":{"loc":{"start":{"line":32,"column":31},"end":{"line":32,"column":42}},"type":"binary-expr","locations":[{"start":{"line":32,"column":31},"end":{"line":32,"column":42}},{"start":{"line":32,"column":40},"end":{"line":32,"column":42}}]},"11":{"loc":{"start":{"line":34,"column":31},"end":{"line":34,"column":78}},"type":"cond-expr","locations":[{"start":{"line":34,"column":71},"end":{"line":34,"column":75}},{"start":{"line":34,"column":75},"end":{"line":34,"column":78}}]},"12":{"loc":{"start":{"line":34,"column":31},"end":{"line":34,"column":75}},"type":"binary-expr","locations":[{"start":{"line":34,"column":31},"end":{"line":34,"column":75}},{"start":{"line":34,"column":71},"end":{"line":34,"column":75}}]},"13":{"loc":{"start":{"line":34,"column":31},"end":{"line":34,"column":71}},"type":"cond-expr","locations":[{"start":{"line":34,"column":51},"end":{"line":34,"column":55}},{"start":{"line":34,"column":55},"end":{"line":34,"column":71}}]},"14":{"loc":{"start":{"line":34,"column":31},"end":{"line":34,"column":55}},"type":"binary-expr","locations":[{"start":{"line":34,"column":31},"end":{"line":34,"column":55}},{"start":{"line":34,"column":51},"end":{"line":34,"column":55}}]},"15":{"loc":{"start":{"line":34,"column":31},"end":{"line":34,"column":51}},"type":"cond-expr","locations":[{"start":{"line":34,"column":41},"end":{"line":34,"column":43}},{"start":{"line":34,"column":41},"end":{"line":34,"column":51}}]},"16":{"loc":{"start":{"line":34,"column":31},"end":{"line":34,"column":43}},"type":"binary-expr","locations":[{"start":{"line":34,"column":31},"end":{"line":34,"column":43}},{"start":{"line":34,"column":41},"end":{"line":34,"column":43}}]},"17":{"loc":{"start":{"line":34,"column":55},"end":{"line":34,"column":71}},"type":"cond-expr","locations":[{"start":{"line":34,"column":65},"end":{"line":34,"column":67}},{"start":{"line":34,"column":65},"end":{"line":34,"column":71}}]},"18":{"loc":{"start":{"line":34,"column":55},"end":{"line":34,"column":67}},"type":"binary-expr","locations":[{"start":{"line":34,"column":55},"end":{"line":34,"column":67}},{"start":{"line":34,"column":65},"end":{"line":34,"column":67}}]},"19":{"loc":{"start":{"line":36,"column":30},"end":{"line":36,"column":60}},"type":"cond-expr","locations":[{"start":{"line":36,"column":45},"end":{"line":36,"column":49}},{"start":{"line":36,"column":49},"end":{"line":36,"column":60}}]},"20":{"loc":{"start":{"line":36,"column":30},"end":{"line":36,"column":49}},"type":"binary-expr","locations":[{"start":{"line":36,"column":30},"end":{"line":36,"column":49}},{"start":{"line":36,"column":45},"end":{"line":36,"column":49}}]},"21":{"loc":{"start":{"line":41,"column":21},"end":{"line":49,"column":null}},"type":"binary-expr","locations":[{"start":{"line":41,"column":21},"end":{"line":41,"column":30}},{"start":{"line":42,"column":24},"end":{"line":46,"column":null}}]},"22":{"loc":{"start":{"line":45,"column":32},"end":{"line":45,"column":74}},"type":"if","locations":[{"start":{"line":45,"column":32},"end":{"line":45,"column":74}},{"start":{},"end":{}}]},"23":{"loc":{"start":{"line":45,"column":36},"end":{"line":45,"column":52}},"type":"binary-expr","locations":[{"start":{"line":45,"column":36},"end":{"line":45,"column":40}},{"start":{"line":45,"column":44},"end":{"line":45,"column":52}}]},"24":{"loc":{"start":{"line":51,"column":21},"end":{"line":59,"column":null}},"type":"binary-expr","locations":[{"start":{"line":51,"column":21},"end":{"line":51,"column":32}},{"start":{"line":52,"column":24},"end":{"line":56,"column":null}}]},"25":{"loc":{"start":{"line":55,"column":32},"end":{"line":55,"column":78}},"type":"if","locations":[{"start":{"line":55,"column":32},"end":{"line":55,"column":78}},{"start":{},"end":{}}]},"26":{"loc":{"start":{"line":55,"column":36},"end":{"line":55,"column":54}},"type":"binary-expr","locations":[{"start":{"line":55,"column":36},"end":{"line":55,"column":40}},{"start":{"line":55,"column":44},"end":{"line":55,"column":54}}]}},"s":{"0":1,"1":1,"2":1,"3":0,"4":1,"5":1,"6":1,"7":1,"8":1,"9":1,"10":1},"f":{"0":1,"1":1,"2":1},"b":{"0":[0],"1":[0],"2":[0,1],"3":[1,0],"4":[1,1],"5":[0,1],"6":[1,1],"7":[1,0],"8":[1,1],"9":[0,1],"10":[1,1],"11":[1,0],"12":[1,1],"13":[1,0],"14":[1,1],"15":[0,1],"16":[1,1],"17":[0,0],"18":[0,0],"19":[0,1],"20":[1,1],"21":[1,1],"22":[1,0],"23":[1,1],"24":[1,1],"25":[1,0],"26":[1,1]}}
,"/Users/gniewko/Repos/salonbw/frontend/src/components/AppointmentForm.tsx": {"path":"/Users/gniewko/Repos/salonbw/frontend/src/components/AppointmentForm.tsx","statementMap":{"0":{"start":{"line":12,"column":0},"end":{"line":12,"column":24}},"1":{"start":{"line":1,"column":0},"end":{"line":1,"column":44}},"2":{"start":{"line":2,"column":0},"end":{"line":2,"column":49}},"3":{"start":{"line":18,"column":38},"end":{"line":19,"column":null}},"4":{"start":{"line":21,"column":38},"end":{"line":21,"column":72}},"5":{"start":{"line":22,"column":30},"end":{"line":22,"column":42}},"6":{"start":{"line":23,"column":40},"end":{"line":23,"column":55}},"7":{"start":{"line":25,"column":25},"end":{"line":47,"column":5}},"8":{"start":{"line":26,"column":8},"end":{"line":26,"column":27}},"9":{"start":{"line":27,"column":8},"end":{"line":27,"column":21}},"10":{"start":{"line":28,"column":8},"end":{"line":46,"column":9}},"11":{"start":{"line":29,"column":12},"end":{"line":29,"column":32}},"12":{"start":{"line":30,"column":12},"end":{"line":30,"column":72}},"13":{"start":{"line":32,"column":12},"end":{"line":43,"column":13}},"14":{"start":{"line":38,"column":16},"end":{"line":38,"column":37}},"15":{"start":{"line":39,"column":19},"end":{"line":43,"column":13}},"16":{"start":{"line":40,"column":16},"end":{"line":40,"column":49}},"17":{"start":{"line":42,"column":16},"end":{"line":42,"column":34}},"18":{"start":{"line":45,"column":12},"end":{"line":45,"column":33}},"19":{"start":{"line":49,"column":4},"end":{"line":105,"column":6}},"20":{"start":{"line":50,"column":31},"end":{"line":50,"column":51}},"21":{"start":{"line":53,"column":38},"end":{"line":53,"column":61}},"22":{"start":{"line":65,"column":32},"end":{"line":66,"column":null}},"23":{"start":{"line":80,"column":33},"end":{"line":80,"column":61}}},"fnMap":{"0":{"name":"AppointmentForm","decl":{"start":{"line":12,"column":24},"end":{"line":12,"column":39}},"loc":{"start":{"line":17,"column":8},"end":{"line":106,"column":1}}},"1":{"name":"(anonymous_10)","decl":{"start":{"line":25,"column":25},"end":{"line":25,"column":30}},"loc":{"start":{"line":25,"column":48},"end":{"line":47,"column":5}}},"2":{"name":"(anonymous_11)","decl":{"start":{"line":50,"column":24},"end":{"line":50,"column":25}},"loc":{"start":{"line":50,"column":31},"end":{"line":50,"column":51}}},"3":{"name":"(anonymous_12)","decl":{"start":{"line":53,"column":31},"end":{"line":53,"column":32}},"loc":{"start":{"line":53,"column":38},"end":{"line":53,"column":61}}},"4":{"name":"(anonymous_13)","decl":{"start":{"line":64,"column":42},"end":{"line":64,"column":43}},"loc":{"start":{"line":65,"column":32},"end":{"line":66,"column":null}}},"5":{"name":"(anonymous_14)","decl":{"start":{"line":80,"column":26},"end":{"line":80,"column":27}},"loc":{"start":{"line":80,"column":33},"end":{"line":80,"column":61}}}},"branchMap":{"0":{"loc":{"start":{"line":19,"column":8},"end":{"line":19,"column":45}},"type":"cond-expr","locations":[{"start":{"line":19,"column":26},"end":{"line":19,"column":30}},{"start":{"line":19,"column":30},"end":{"line":19,"column":45}}]},"1":{"loc":{"start":{"line":19,"column":8},"end":{"line":19,"column":30}},"type":"binary-expr","locations":[{"start":{"line":19,"column":8},"end":{"line":19,"column":30}},{"start":{"line":19,"column":26},"end":{"line":19,"column":30}}]},"2":{"loc":{"start":{"line":19,"column":8},"end":{"line":19,"column":26}},"type":"cond-expr","locations":[{"start":{"line":19,"column":15},"end":{"line":19,"column":17}},{"start":{"line":19,"column":8},"end":{"line":19,"column":26}}]},"3":{"loc":{"start":{"line":19,"column":8},"end":{"line":19,"column":17}},"type":"binary-expr","locations":[{"start":{"line":19,"column":8},"end":{"line":19,"column":17}},{"start":{"line":19,"column":8},"end":{"line":19,"column":17}}]},"4":{"loc":{"start":{"line":19,"column":30},"end":{"line":19,"column":45}},"type":"cond-expr","locations":[{"start":{"line":19,"column":41},"end":{"line":19,"column":43}},{"start":{"line":19,"column":41},"end":{"line":19,"column":45}}]},"5":{"loc":{"start":{"line":19,"column":30},"end":{"line":19,"column":43}},"type":"binary-expr","locations":[{"start":{"line":19,"column":30},"end":{"line":19,"column":43}},{"start":{"line":19,"column":41},"end":{"line":19,"column":43}}]},"6":{"loc":{"start":{"line":21,"column":47},"end":{"line":21,"column":71}},"type":"cond-expr","locations":[{"start":{"line":21,"column":65},"end":{"line":21,"column":69}},{"start":{"line":21,"column":69},"end":{"line":21,"column":71}}]},"7":{"loc":{"start":{"line":21,"column":47},"end":{"line":21,"column":69}},"type":"binary-expr","locations":[{"start":{"line":21,"column":47},"end":{"line":21,"column":69}},{"start":{"line":21,"column":65},"end":{"line":21,"column":69}}]},"8":{"loc":{"start":{"line":21,"column":47},"end":{"line":21,"column":65}},"type":"cond-expr","locations":[{"start":{"line":21,"column":54},"end":{"line":21,"column":56}},{"start":{"line":21,"column":47},"end":{"line":21,"column":65}}]},"9":{"loc":{"start":{"line":21,"column":47},"end":{"line":21,"column":56}},"type":"binary-expr","locations":[{"start":{"line":21,"column":47},"end":{"line":21,"column":56}},{"start":{"line":21,"column":47},"end":{"line":21,"column":56}}]},"10":{"loc":{"start":{"line":32,"column":12},"end":{"line":43,"column":13}},"type":"if","locations":[{"start":{"line":32,"column":12},"end":{"line":43,"column":13}},{"start":{"line":39,"column":19},"end":{"line":43,"column":13}}]},"11":{"loc":{"start":{"line":33,"column":16},"end":{"line":36,"column":59}},"type":"binary-expr","locations":[{"start":{"line":33,"column":16},"end":{"line":33,"column":39}},{"start":{"line":34,"column":16},"end":{"line":34,"column":28}},{"start":{"line":35,"column":16},"end":{"line":35,"column":31}},{"start":{"line":36,"column":17},"end":{"line":36,"column":59}}]},"12":{"loc":{"start":{"line":39,"column":19},"end":{"line":43,"column":13}},"type":"if","locations":[{"start":{"line":39,"column":19},"end":{"line":43,"column":13}},{"start":{"line":41,"column":19},"end":{"line":43,"column":13}}]},"13":{"loc":{"start":{"line":40,"column":25},"end":{"line":40,"column":47}},"type":"binary-expr","locations":[{"start":{"line":40,"column":25},"end":{"line":40,"column":36}},{"start":{"line":40,"column":40},"end":{"line":40,"column":47}}]},"14":{"loc":{"start":{"line":83,"column":13},"end":{"line":86,"column":null}},"type":"binary-expr","locations":[{"start":{"line":83,"column":13},"end":{"line":83,"column":18}},{"start":{"line":84,"column":16},"end":{"line":85,"column":null}}]},"15":{"loc":{"start":{"line":101,"column":21},"end":{"line":101,"column":52}},"type":"cond-expr","locations":[{"start":{"line":101,"column":34},"end":{"line":101,"column":43}},{"start":{"line":101,"column":46},"end":{"line":101,"column":52}}]}},"s":{"0":4,"1":4,"2":4,"3":7,"4":7,"5":7,"6":7,"7":7,"8":2,"9":2,"10":2,"11":2,"12":2,"13":1,"14":1,"15":0,"16":0,"17":0,"18":2,"19":7,"20":2,"21":0,"22":7,"23":2},"f":{"0":7,"1":2,"2":2,"3":0,"4":7,"5":2},"b":{"0":[0,7],"1":[7,7],"2":[4,3],"3":[7,7],"4":[0,7],"5":[7,7],"6":[3,4],"7":[7,7],"8":[4,3],"9":[7,7],"10":[1,0],"11":[1,1,1,1],"12":[0,0],"13":[0,0],"14":[7,1],"15":[2,5]}}
,"/Users/gniewko/Repos/salonbw/frontend/src/components/ClientForm.tsx": {"path":"/Users/gniewko/Repos/salonbw/frontend/src/components/ClientForm.tsx","statementMap":{"0":{"start":{"line":15,"column":0},"end":{"line":15,"column":24}},"1":{"start":{"line":1,"column":0},"end":{"line":1,"column":44}},"2":{"start":{"line":2,"column":0},"end":{"line":2,"column":24}},"3":{"start":{"line":5,"column":15},"end":{"line":7,"column":2}},"4":{"start":{"line":16,"column":28},"end":{"line":16,"column":57}},"5":{"start":{"line":17,"column":30},"end":{"line":17,"column":42}},"6":{"start":{"line":18,"column":40},"end":{"line":18,"column":55}},"7":{"start":{"line":20,"column":25},"end":{"line":33,"column":5}},"8":{"start":{"line":21,"column":8},"end":{"line":21,"column":27}},"9":{"start":{"line":22,"column":8},"end":{"line":32,"column":9}},"10":{"start":{"line":23,"column":25},"end":{"line":23,"column":47}},"11":{"start":{"line":24,"column":12},"end":{"line":24,"column":32}},"12":{"start":{"line":25,"column":12},"end":{"line":25,"column":33}},"13":{"start":{"line":27,"column":12},"end":{"line":29,"column":35}},"14":{"start":{"line":28,"column":16},"end":{"line":28,"column":60}},"15":{"start":{"line":29,"column":17},"end":{"line":29,"column":35}},"16":{"start":{"line":31,"column":12},"end":{"line":31,"column":33}},"17":{"start":{"line":35,"column":4},"end":{"line":65,"column":6}},"18":{"start":{"line":36,"column":31},"end":{"line":36,"column":51}},"19":{"start":{"line":39,"column":33},"end":{"line":39,"column":56}}},"fnMap":{"0":{"name":"ClientForm","decl":{"start":{"line":15,"column":24},"end":{"line":15,"column":34}},"loc":{"start":{"line":15,"column":73},"end":{"line":66,"column":1}}},"1":{"name":"(anonymous_1)","decl":{"start":{"line":20,"column":25},"end":{"line":20,"column":30}},"loc":{"start":{"line":20,"column":48},"end":{"line":33,"column":5}}},"2":{"name":"(anonymous_2)","decl":{"start":{"line":36,"column":24},"end":{"line":36,"column":25}},"loc":{"start":{"line":36,"column":31},"end":{"line":36,"column":51}}},"3":{"name":"(anonymous_3)","decl":{"start":{"line":39,"column":26},"end":{"line":39,"column":27}},"loc":{"start":{"line":39,"column":33},"end":{"line":39,"column":56}}}},"branchMap":{"0":{"loc":{"start":{"line":16,"column":37},"end":{"line":16,"column":56}},"type":"cond-expr","locations":[{"start":{"line":16,"column":50},"end":{"line":16,"column":54}},{"start":{"line":16,"column":54},"end":{"line":16,"column":56}}]},"1":{"loc":{"start":{"line":16,"column":37},"end":{"line":16,"column":54}},"type":"binary-expr","locations":[{"start":{"line":16,"column":37},"end":{"line":16,"column":54}},{"start":{"line":16,"column":50},"end":{"line":16,"column":54}}]},"2":{"loc":{"start":{"line":16,"column":37},"end":{"line":16,"column":50}},"type":"cond-expr","locations":[{"start":{"line":16,"column":44},"end":{"line":16,"column":46}},{"start":{"line":16,"column":37},"end":{"line":16,"column":50}}]},"3":{"loc":{"start":{"line":16,"column":37},"end":{"line":16,"column":46}},"type":"binary-expr","locations":[{"start":{"line":16,"column":37},"end":{"line":16,"column":46}},{"start":{"line":16,"column":37},"end":{"line":16,"column":46}}]},"4":{"loc":{"start":{"line":27,"column":12},"end":{"line":29,"column":35}},"type":"if","locations":[{"start":{"line":27,"column":12},"end":{"line":29,"column":35}},{"start":{"line":29,"column":17},"end":{"line":29,"column":35}}]},"5":{"loc":{"start":{"line":28,"column":25},"end":{"line":28,"column":58}},"type":"cond-expr","locations":[{"start":{"line":28,"column":47},"end":{"line":28,"column":51}},{"start":{"line":28,"column":51},"end":{"line":28,"column":58}}]},"6":{"loc":{"start":{"line":28,"column":25},"end":{"line":28,"column":51}},"type":"binary-expr","locations":[{"start":{"line":28,"column":25},"end":{"line":28,"column":51}},{"start":{"line":28,"column":47},"end":{"line":28,"column":51}}]},"7":{"loc":{"start":{"line":28,"column":25},"end":{"line":28,"column":47}},"type":"cond-expr","locations":[{"start":{"line":28,"column":38},"end":{"line":28,"column":40}},{"start":{"line":28,"column":38},"end":{"line":28,"column":47}}]},"8":{"loc":{"start":{"line":28,"column":25},"end":{"line":28,"column":40}},"type":"binary-expr","locations":[{"start":{"line":28,"column":25},"end":{"line":28,"column":40}},{"start":{"line":28,"column":38},"end":{"line":28,"column":40}}]},"9":{"loc":{"start":{"line":43,"column":13},"end":{"line":46,"column":null}},"type":"binary-expr","locations":[{"start":{"line":43,"column":13},"end":{"line":43,"column":18}},{"start":{"line":44,"column":16},"end":{"line":45,"column":null}}]},"10":{"loc":{"start":{"line":61,"column":21},"end":{"line":61,"column":52}},"type":"cond-expr","locations":[{"start":{"line":61,"column":34},"end":{"line":61,"column":43}},{"start":{"line":61,"column":46},"end":{"line":61,"column":52}}]}},"s":{"0":1,"1":1,"2":1,"3":1,"4":6,"5":6,"6":6,"7":6,"8":2,"9":2,"10":2,"11":1,"12":1,"13":1,"14":1,"15":0,"16":2,"17":6,"18":2,"19":1},"f":{"0":6,"1":2,"2":2,"3":1},"b":{"0":[0,6],"1":[6,6],"2":[6,0],"3":[6,6],"4":[1,0],"5":[1,0],"6":[1,1],"7":[0,1],"8":[1,1],"9":[6,1],"10":[1,5]}}
,"/Users/gniewko/Repos/salonbw/frontend/src/components/ContactForm.tsx": {"path":"/Users/gniewko/Repos/salonbw/frontend/src/components/ContactForm.tsx","statementMap":{"0":{"start":{"line":11,"column":0},"end":{"line":11,"column":24}},"1":{"start":{"line":1,"column":0},"end":{"line":1,"column":44}},"2":{"start":{"line":2,"column":0},"end":{"line":2,"column":24}},"3":{"start":{"line":3,"column":0},"end":{"line":3,"column":51}},"4":{"start":{"line":5,"column":15},"end":{"line":9,"column":2}},"5":{"start":{"line":12,"column":18},"end":{"line":12,"column":28}},"6":{"start":{"line":13,"column":28},"end":{"line":13,"column":74}},"7":{"start":{"line":14,"column":30},"end":{"line":14,"column":42}},"8":{"start":{"line":15,"column":40},"end":{"line":15,"column":52}},"9":{"start":{"line":16,"column":42},"end":{"line":16,"column":54}},"10":{"start":{"line":17,"column":38},"end":{"line":17,"column":53}},"11":{"start":{"line":19,"column":25},"end":{"line":30,"column":5}},"12":{"start":{"line":22,"column":32},"end":{"line":22,"column":40}},"13":{"start":{"line":23,"column":8},"end":{"line":23,"column":50}},"14":{"start":{"line":23,"column":23},"end":{"line":23,"column":48}},"15":{"start":{"line":24,"column":8},"end":{"line":24,"column":28}},"16":{"start":{"line":25,"column":8},"end":{"line":25,"column":27}},"17":{"start":{"line":26,"column":8},"end":{"line":29,"column":9}},"18":{"start":{"line":27,"column":27},"end":{"line":27,"column":62}},"19":{"start":{"line":28,"column":12},"end":{"line":28,"column":80}},"20":{"start":{"line":32,"column":20},"end":{"line":32,"column":50}},"21":{"start":{"line":34,"column":25},"end":{"line":87,"column":5}},"22":{"start":{"line":35,"column":8},"end":{"line":35,"column":27}},"23":{"start":{"line":36,"column":23},"end":{"line":36,"column":45}},"24":{"start":{"line":37,"column":8},"end":{"line":45,"column":9}},"25":{"start":{"line":38,"column":26},"end":{"line":38,"column":48}},"26":{"start":{"line":39,"column":12},"end":{"line":43,"column":13}},"27":{"start":{"line":40,"column":16},"end":{"line":40,"column":45}},"28":{"start":{"line":42,"column":16},"end":{"line":42,"column":40}},"29":{"start":{"line":44,"column":12},"end":{"line":44,"column":19}},"30":{"start":{"line":46,"column":8},"end":{"line":46,"column":21}},"31":{"start":{"line":47,"column":8},"end":{"line":47,"column":26}},"32":{"start":{"line":48,"column":8},"end":{"line":48,"column":27}},"33":{"start":{"line":49,"column":24},"end":{"line":49,"column":25}},"34":{"start":{"line":50,"column":8},"end":{"line":86,"column":9}},"35":{"start":{"line":50,"column":27},"end":{"line":50,"column":28}},"36":{"start":{"line":51,"column":12},"end":{"line":85,"column":13}},"37":{"start":{"line":52,"column":28},"end":{"line":63,"column":null}},"38":{"start":{"line":65,"column":16},"end":{"line":65,"column":55}},"39":{"start":{"line":65,"column":29},"end":{"line":65,"column":55}},"40":{"start":{"line":66,"column":16},"end":{"line":66,"column":58}},"41":{"start":{"line":67,"column":16},"end":{"line":67,"column":35}},"42":{"start":{"line":68,"column":16},"end":{"line":68,"column":62}},"43":{"start":{"line":69,"column":16},"end":{"line":69,"column":23}},"44":{"start":{"line":71,"column":28},"end":{"line":71,"column":null}},"45":{"start":{"line":75,"column":16},"end":{"line":78,"column":18}},"46":{"start":{"line":79,"column":16},"end":{"line":84,"column":17}},"47":{"start":{"line":80,"column":20},"end":{"line":80,"column":70}},"48":{"start":{"line":81,"column":20},"end":{"line":81,"column":67}},"49":{"start":{"line":83,"column":20},"end":{"line":83,"column":70}},"50":{"start":{"line":83,"column":47},"end":{"line":83,"column":68}},"51":{"start":{"line":89,"column":4},"end":{"line":148,"column":6}},"52":{"start":{"line":90,"column":31},"end":{"line":90,"column":51}}},"fnMap":{"0":{"name":"ContactForm","decl":{"start":{"line":11,"column":24},"end":{"line":11,"column":35}},"loc":{"start":{"line":11,"column":35},"end":{"line":149,"column":1}}},"1":{"name":"(anonymous_1)","decl":{"start":{"line":19,"column":25},"end":{"line":19,"column":null}},"loc":{"start":{"line":21,"column":8},"end":{"line":30,"column":5}}},"2":{"name":"(anonymous_2)","decl":{"start":{"line":23,"column":16},"end":{"line":23,"column":17}},"loc":{"start":{"line":23,"column":23},"end":{"line":23,"column":48}}},"3":{"name":"(anonymous_3)","decl":{"start":{"line":34,"column":25},"end":{"line":34,"column":30}},"loc":{"start":{"line":34,"column":48},"end":{"line":87,"column":5}}},"4":{"name":"(anonymous_4)","decl":{"start":{"line":83,"column":38},"end":{"line":83,"column":39}},"loc":{"start":{"line":83,"column":47},"end":{"line":83,"column":68}}},"5":{"name":"(anonymous_5)","decl":{"start":{"line":90,"column":24},"end":{"line":90,"column":25}},"loc":{"start":{"line":90,"column":31},"end":{"line":90,"column":51}}}},"branchMap":{"0":{"loc":{"start":{"line":26,"column":8},"end":{"line":29,"column":9}},"type":"if","locations":[{"start":{"line":26,"column":8},"end":{"line":29,"column":9}},{"start":{},"end":{}}]},"1":{"loc":{"start":{"line":28,"column":26},"end":{"line":28,"column":78}},"type":"cond-expr","locations":[{"start":{"line":28,"column":43},"end":{"line":28,"column":45}},{"start":{"line":28,"column":48},"end":{"line":28,"column":78}}]},"2":{"loc":{"start":{"line":37,"column":8},"end":{"line":45,"column":9}},"type":"if","locations":[{"start":{"line":37,"column":8},"end":{"line":45,"column":9}},{"start":{},"end":{}}]},"3":{"loc":{"start":{"line":39,"column":12},"end":{"line":43,"column":13}},"type":"if","locations":[{"start":{"line":39,"column":12},"end":{"line":43,"column":13}},{"start":{"line":41,"column":19},"end":{"line":43,"column":13}}]},"4":{"loc":{"start":{"line":65,"column":16},"end":{"line":65,"column":55}},"type":"if","locations":[{"start":{"line":65,"column":16},"end":{"line":65,"column":55}},{"start":{},"end":{}}]},"5":{"loc":{"start":{"line":77,"column":20},"end":{"line":77,"column":53}},"type":"binary-expr","locations":[{"start":{"line":77,"column":20},"end":{"line":77,"column":38}},{"start":{"line":77,"column":42},"end":{"line":77,"column":53}}]},"6":{"loc":{"start":{"line":77,"column":20},"end":{"line":77,"column":38}},"type":"cond-expr","locations":[{"start":{"line":77,"column":32},"end":{"line":77,"column":34}},{"start":{"line":77,"column":32},"end":{"line":77,"column":38}}]},"7":{"loc":{"start":{"line":77,"column":20},"end":{"line":77,"column":34}},"type":"binary-expr","locations":[{"start":{"line":77,"column":20},"end":{"line":77,"column":34}},{"start":{"line":77,"column":32},"end":{"line":77,"column":34}}]},"8":{"loc":{"start":{"line":79,"column":16},"end":{"line":84,"column":17}},"type":"if","locations":[{"start":{"line":79,"column":16},"end":{"line":84,"column":17}},{"start":{"line":82,"column":23},"end":{"line":84,"column":17}}]},"9":{"loc":{"start":{"line":106,"column":13},"end":{"line":109,"column":null}},"type":"binary-expr","locations":[{"start":{"line":106,"column":13},"end":{"line":106,"column":23}},{"start":{"line":107,"column":16},"end":{"line":108,"column":null}}]},"10":{"loc":{"start":{"line":119,"column":13},"end":{"line":122,"column":null}},"type":"binary-expr","locations":[{"start":{"line":119,"column":13},"end":{"line":119,"column":18}},{"start":{"line":120,"column":16},"end":{"line":121,"column":null}}]},"11":{"loc":{"start":{"line":124,"column":13},"end":{"line":130,"column":null}},"type":"binary-expr","locations":[{"start":{"line":124,"column":13},"end":{"line":124,"column":24}},{"start":{"line":125,"column":16},"end":{"line":129,"column":null}}]},"12":{"loc":{"start":{"line":132,"column":13},"end":{"line":138,"column":null}},"type":"binary-expr","locations":[{"start":{"line":132,"column":13},"end":{"line":132,"column":22}},{"start":{"line":133,"column":16},"end":{"line":135,"column":null}}]}},"s":{"0":1,"1":1,"2":1,"3":1,"4":1,"5":10,"6":10,"7":10,"8":10,"9":10,"10":10,"11":10,"12":6,"13":6,"14":6,"15":6,"16":6,"17":6,"18":2,"19":2,"20":10,"21":10,"22":1,"23":1,"24":1,"25":0,"26":0,"27":0,"28":0,"29":0,"30":1,"31":1,"32":1,"33":1,"34":1,"35":1,"36":1,"37":1,"38":1,"39":0,"40":1,"41":1,"42":1,"43":1,"44":0,"45":0,"46":0,"47":0,"48":0,"49":0,"50":0,"51":10,"52":1},"f":{"0":10,"1":6,"2":6,"3":1,"4":0,"5":1},"b":{"0":[2,4],"1":[1,1],"2":[0,1],"3":[0,0],"4":[0,1],"5":[0,0],"6":[0,0],"7":[0,0],"8":[0,0],"9":[10,2],"10":[10,0],"11":[10,0],"12":[10,1]}}
,"/Users/gniewko/Repos/salonbw/frontend/src/components/DashboardLayout.tsx": {"path":"/Users/gniewko/Repos/salonbw/frontend/src/components/DashboardLayout.tsx","statementMap":{"0":{"start":{"line":10,"column":0},"end":{"line":10,"column":24}},"1":{"start":{"line":2,"column":0},"end":{"line":2,"column":44}},"2":{"start":{"line":3,"column":0},"end":{"line":3,"column":40}},"3":{"start":{"line":4,"column":0},"end":{"line":4,"column":30}},"4":{"start":{"line":11,"column":36},"end":{"line":11,"column":51}},"5":{"start":{"line":12,"column":4},"end":{"line":20,"column":6}},"6":{"start":{"line":14,"column":56},"end":{"line":14,"column":74}},"7":{"start":{"line":16,"column":38},"end":{"line":16,"column":55}}},"fnMap":{"0":{"name":"DashboardLayout","decl":{"start":{"line":10,"column":24},"end":{"line":10,"column":39}},"loc":{"start":{"line":10,"column":59},"end":{"line":21,"column":1}}},"1":{"name":"(anonymous_2)","decl":{"start":{"line":14,"column":50},"end":{"line":14,"column":53}},"loc":{"start":{"line":14,"column":56},"end":{"line":14,"column":74}}},"2":{"name":"(anonymous_3)","decl":{"start":{"line":16,"column":32},"end":{"line":16,"column":35}},"loc":{"start":{"line":16,"column":38},"end":{"line":16,"column":55}}}},"branchMap":{},"s":{"0":5,"1":5,"2":5,"3":5,"4":6,"5":6,"6":0,"7":0},"f":{"0":6,"1":0,"2":0},"b":{}}
,"/Users/gniewko/Repos/salonbw/frontend/src/components/DashboardNav.tsx": {"path":"/Users/gniewko/Repos/salonbw/frontend/src/components/DashboardNav.tsx","statementMap":{"0":{"start":{"line":33,"column":0},"end":{"line":33,"column":24}},"1":{"start":{"line":2,"column":0},"end":{"line":2,"column":29}},"2":{"start":{"line":3,"column":0},"end":{"line":3,"column":40}},"3":{"start":{"line":4,"column":0},"end":{"line":4,"column":49}},"4":{"start":{"line":7,"column":66},"end":{"line":31,"column":2}},"5":{"start":{"line":34,"column":29},"end":{"line":34,"column":38}},"6":{"start":{"line":35,"column":19},"end":{"line":35,"column":30}},"7":{"start":{"line":37,"column":8},"end":{"line":42,"column":22}},"8":{"start":{"line":44,"column":4},"end":{"line":70,"column":6}},"9":{"start":{"line":49,"column":37},"end":{"line":49,"column":71}},"10":{"start":{"line":50,"column":20},"end":{"line":60,"column":22}}},"fnMap":{"0":{"name":"DashboardNav","decl":{"start":{"line":33,"column":24},"end":{"line":33,"column":36}},"loc":{"start":{"line":33,"column":36},"end":{"line":71,"column":1}}},"1":{"name":"(anonymous_2)","decl":{"start":{"line":48,"column":43},"end":{"line":48,"column":44}},"loc":{"start":{"line":48,"column":49},"end":{"line":61,"column":17}}}},"branchMap":{"0":{"loc":{"start":{"line":37,"column":8},"end":{"line":42,"column":22}},"type":"cond-expr","locations":[{"start":{"line":41,"column":14},"end":{"line":41,"column":18}},{"start":{"line":42,"column":14},"end":{"line":42,"column":22}}]},"1":{"loc":{"start":{"line":37,"column":8},"end":{"line":40,"column":24}},"type":"binary-expr","locations":[{"start":{"line":37,"column":8},"end":{"line":37,"column":25}},{"start":{"line":38,"column":8},"end":{"line":38,"column":27}},{"start":{"line":39,"column":8},"end":{"line":39,"column":31}},{"start":{"line":40,"column":8},"end":{"line":40,"column":24}}]},"2":{"loc":{"start":{"line":54,"column":42},"end":{"line":54,"column":71}},"type":"cond-expr","locations":[{"start":{"line":54,"column":53},"end":{"line":54,"column":59}},{"start":{"line":54,"column":62},"end":{"line":54,"column":71}}]},"3":{"loc":{"start":{"line":55,"column":102},"end":{"line":55,"column":184}},"type":"cond-expr","locations":[{"start":{"line":55,"column":113},"end":{"line":55,"column":179}},{"start":{"line":55,"column":182},"end":{"line":55,"column":184}}]}},"s":{"0":1,"1":1,"2":1,"3":1,"4":1,"5":1,"6":1,"7":1,"8":1,"9":2,"10":2},"f":{"0":1,"1":2},"b":{"0":[1,0],"1":[1,1,1,0],"2":[1,1],"3":[1,1]}}
,"/Users/gniewko/Repos/salonbw/frontend/src/components/DataTable.tsx": {"path":"/Users/gniewko/Repos/salonbw/frontend/src/components/DataTable.tsx","statementMap":{"0":{"start":{"line":16,"column":0},"end":{"line":16,"column":24}},"1":{"start":{"line":1,"column":0},"end":{"line":1,"column":40}},"2":{"start":{"line":23,"column":32},"end":{"line":23,"column":44}},"3":{"start":{"line":24,"column":34},"end":{"line":24,"column":76}},"4":{"start":{"line":25,"column":34},"end":{"line":25,"column":65}},"5":{"start":{"line":26,"column":28},"end":{"line":26,"column":39}},"6":{"start":{"line":28,"column":21},"end":{"line":33,"column":null}},"7":{"start":{"line":29,"column":8},"end":{"line":32,"column":null}},"8":{"start":{"line":30,"column":12},"end":{"line":32,"column":47}},"9":{"start":{"line":36,"column":19},"end":{"line":44,"column":18}},"10":{"start":{"line":38,"column":25},"end":{"line":38,"column":35}},"11":{"start":{"line":39,"column":25},"end":{"line":39,"column":35}},"12":{"start":{"line":40,"column":14},"end":{"line":40,"column":38}},"13":{"start":{"line":40,"column":29},"end":{"line":40,"column":38}},"14":{"start":{"line":41,"column":14},"end":{"line":41,"column":61}},"15":{"start":{"line":41,"column":37},"end":{"line":41,"column":61}},"16":{"start":{"line":42,"column":14},"end":{"line":42,"column":38}},"17":{"start":{"line":46,"column":22},"end":{"line":46,"column":74}},"18":{"start":{"line":47,"column":23},"end":{"line":47,"column":58}},"19":{"start":{"line":49,"column":23},"end":{"line":56,"column":5}},"20":{"start":{"line":50,"column":8},"end":{"line":55,"column":9}},"21":{"start":{"line":51,"column":12},"end":{"line":51,"column":59}},"22":{"start":{"line":53,"column":12},"end":{"line":53,"column":28}},"23":{"start":{"line":54,"column":12},"end":{"line":54,"column":30}},"24":{"start":{"line":58,"column":4},"end":{"line":120,"column":6}},"25":{"start":{"line":63,"column":33},"end":{"line":63,"column":58}},"26":{"start":{"line":70,"column":28},"end":{"line":71,"column":null}},"27":{"start":{"line":73,"column":47},"end":{"line":73,"column":71}},"28":{"start":{"line":85,"column":24},"end":{"line":85,"column":36}},"29":{"start":{"line":87,"column":32},"end":{"line":87,"column":63}},"30":{"start":{"line":101,"column":35},"end":{"line":101,"column":69}},"31":{"start":{"line":101,"column":50},"end":{"line":101,"column":68}},"32":{"start":{"line":112,"column":24},"end":{"line":112,"column":71}},"33":{"start":{"line":112,"column":39},"end":{"line":112,"column":70}}},"fnMap":{"0":{"name":"DataTable","decl":{"start":{"line":16,"column":24},"end":{"line":16,"column":33}},"loc":{"start":{"line":22,"column":11},"end":{"line":121,"column":1}}},"1":{"name":"(anonymous_10)","decl":{"start":{"line":28,"column":33},"end":{"line":28,"column":34}},"loc":{"start":{"line":29,"column":8},"end":{"line":32,"column":null}}},"2":{"name":"(anonymous_11)","decl":{"start":{"line":29,"column":21},"end":{"line":29,"column":22}},"loc":{"start":{"line":30,"column":12},"end":{"line":32,"column":47}}},"3":{"name":"(anonymous_12)","decl":{"start":{"line":37,"column":29},"end":{"line":37,"column":30}},"loc":{"start":{"line":37,"column":38},"end":{"line":43,"column":11}}},"4":{"name":"(anonymous_13)","decl":{"start":{"line":49,"column":23},"end":{"line":49,"column":24}},"loc":{"start":{"line":49,"column":40},"end":{"line":56,"column":5}}},"5":{"name":"(anonymous_14)","decl":{"start":{"line":63,"column":26},"end":{"line":63,"column":27}},"loc":{"start":{"line":63,"column":33},"end":{"line":63,"column":58}}},"6":{"name":"(anonymous_15)","decl":{"start":{"line":69,"column":37},"end":{"line":69,"column":38}},"loc":{"start":{"line":70,"column":28},"end":{"line":71,"column":null}}},"7":{"name":"(anonymous_16)","decl":{"start":{"line":73,"column":41},"end":{"line":73,"column":44}},"loc":{"start":{"line":73,"column":47},"end":{"line":73,"column":71}}},"8":{"name":"(anonymous_17)","decl":{"start":{"line":84,"column":35},"end":{"line":84,"column":36}},"loc":{"start":{"line":85,"column":24},"end":{"line":85,"column":36}}},"9":{"name":"(anonymous_18)","decl":{"start":{"line":86,"column":41},"end":{"line":86,"column":42}},"loc":{"start":{"line":87,"column":32},"end":{"line":87,"column":63}}},"10":{"name":"(anonymous_19)","decl":{"start":{"line":101,"column":29},"end":{"line":101,"column":32}},"loc":{"start":{"line":101,"column":35},"end":{"line":101,"column":69}}},"11":{"name":"(anonymous_20)","decl":{"start":{"line":101,"column":43},"end":{"line":101,"column":44}},"loc":{"start":{"line":101,"column":50},"end":{"line":101,"column":68}}},"12":{"name":"(anonymous_21)","decl":{"start":{"line":111,"column":29},"end":{"line":111,"column":32}},"loc":{"start":{"line":112,"column":24},"end":{"line":112,"column":71}}},"13":{"name":"(anonymous_22)","decl":{"start":{"line":112,"column":32},"end":{"line":112,"column":33}},"loc":{"start":{"line":112,"column":39},"end":{"line":112,"column":70}}}},"branchMap":{"0":{"loc":{"start":{"line":21,"column":4},"end":{"line":21,"column":17}},"type":"default-arg","locations":[{"start":{"line":21,"column":15},"end":{"line":21,"column":17}}]},"1":{"loc":{"start":{"line":36,"column":19},"end":{"line":44,"column":18}},"type":"cond-expr","locations":[{"start":{"line":37,"column":10},"end":{"line":43,"column":12}},{"start":{"line":44,"column":10},"end":{"line":44,"column":18}}]},"2":{"loc":{"start":{"line":40,"column":14},"end":{"line":40,"column":38}},"type":"if","locations":[{"start":{"line":40,"column":14},"end":{"line":40,"column":38}},{"start":{},"end":{}}]},"3":{"loc":{"start":{"line":41,"column":14},"end":{"line":41,"column":61}},"type":"if","locations":[{"start":{"line":41,"column":14},"end":{"line":41,"column":61}},{"start":{},"end":{}}]},"4":{"loc":{"start":{"line":41,"column":44},"end":{"line":41,"column":60}},"type":"cond-expr","locations":[{"start":{"line":41,"column":54},"end":{"line":41,"column":55}},{"start":{"line":41,"column":58},"end":{"line":41,"column":60}}]},"5":{"loc":{"start":{"line":42,"column":21},"end":{"line":42,"column":37}},"type":"cond-expr","locations":[{"start":{"line":42,"column":31},"end":{"line":42,"column":32}},{"start":{"line":42,"column":35},"end":{"line":42,"column":37}}]},"6":{"loc":{"start":{"line":50,"column":8},"end":{"line":55,"column":9}},"type":"if","locations":[{"start":{"line":50,"column":8},"end":{"line":55,"column":9}},{"start":{"line":52,"column":15},"end":{"line":55,"column":9}}]},"7":{"loc":{"start":{"line":51,"column":23},"end":{"line":51,"column":57}},"type":"cond-expr","locations":[{"start":{"line":51,"c
[...]
n":24},"end":{"line":89,"column":45}},"49":{"start":{"line":93,"column":54},"end":{"line":93,"column":72}},"50":{"start":{"line":98,"column":40},"end":{"line":98,"column":58}}},"fnMap":{"0":{"name":"(anonymous_10)","decl":{"start":{"line":16,"column":29},"end":{"line":16,"column":32}},"loc":{"start":{"line":16,"column":34},"end":{"line":16,"column":64}}},"1":{"name":"(anonymous_11)","decl":{"start":{"line":16,"column":34},"end":{"line":16,"column":42}},"loc":{"start":{"line":16,"column":34},"end":{"line":16,"column":64}}},"2":{"name":"AppointmentsPage","decl":{"start":{"line":26,"column":24},"end":{"line":26,"column":40}},"loc":{"start":{"line":26,"column":40},"end":{"line":104,"column":1}}},"3":{"name":"(anonymous_13)","decl":{"start":{"line":38,"column":37},"end":{"line":38,"column":38}},"loc":{"start":{"line":38,"column":43},"end":{"line":42,"column":7}}},"4":{"name":"(anonymous_14)","decl":{"start":{"line":44,"column":28},"end":{"line":44,"column":29}},"loc":{"start":{"line":44,"column":50},"end":{"line":48,"column":5}}},"5":{"name":"(anonymous_15)","decl":{"start":{"line":50,"column":29},"end":{"line":50,"column":30}},"loc":{"start":{"line":50,"column":53},"end":{"line":54,"column":5}}},"6":{"name":"(anonymous_16)","decl":{"start":{"line":56,"column":23},"end":{"line":56,"column":28}},"loc":{"start":{"line":56,"column":66},"end":{"line":65,"column":5}}},"7":{"name":"(anonymous_17)","decl":{"start":{"line":67,"column":25},"end":{"line":67,"column":30}},"loc":{"start":{"line":67,"column":75},"end":{"line":74,"column":5}}},"8":{"name":"(anonymous_18)","decl":{"start":{"line":88,"column":31},"end":{"line":88,"column":32}},"loc":{"start":{"line":88,"column":39},"end":{"line":90,"column":21}}},"9":{"name":"(anonymous_19)","decl":{"start":{"line":93,"column":48},"end":{"line":93,"column":51}},"loc":{"start":{"line":93,"column":54},"end":{"line":93,"column":72}}},"10":{"name":"(anonymous_20)","decl":{"start":{"line":98,"column":34},"end":{"line":98,"column":37}},"loc":{"start":{"line":98,"column":40},"end":{"line":98,"column":58}}}},"branchMap":{"0":{"loc":{"start":{"line":35,"column":4},"end":{"line":35,"column":59}},"type":"if","locations":[{"start":{"line":35,"column":4},"end":{"line":35,"column":59}},{"start":{},"end":{}}]},"1":{"loc":{"start":{"line":35,"column":8},"end":{"line":35,"column":28}},"type":"binary-expr","locations":[{"start":{"line":35,"column":8},"end":{"line":35,"column":15}},{"start":{"line":35,"column":19},"end":{"line":35,"column":28}}]},"2":{"loc":{"start":{"line":36,"column":4},"end":{"line":36,"column":39}},"type":"if","locations":[{"start":{"line":36,"column":4},"end":{"line":36,"column":39}},{"start":{},"end":{}}]},"3":{"loc":{"start":{"line":38,"column":19},"end":{"line":42,"column":7}},"type":"cond-expr","locations":[{"start":{"line":38,"column":31},"end":{"line":38,"column":33}},{"start":{"line":38,"column":19},"end":{"line":42,"column":7}}]},"4":{"loc":{"start":{"line":38,"column":19},"end":{"line":38,"column":33}},"type":"binary-expr","locations":[{"start":{"line":38,"column":19},"end":{"line":38,"column":33}},{"start":{"line":38,"column":19},"end":{"line":38,"column":33}}]},"5":{"loc":{"start":{"line":40,"column":15},"end":{"line":40,"column":45}},"type":"cond-expr","locations":[{"start":{"line":40,"column":29},"end":{"line":40,"column":33}},{"start":{"line":40,"column":33},"end":{"line":40,"column":45}}]},"6":{"loc":{"start":{"line":40,"column":15},"end":{"line":40,"column":33}},"type":"binary-expr","locations":[{"start":{"line":40,"column":15},"end":{"line":40,"column":33}},{"start":{"line":40,"column":29},"end":{"line":40,"column":33}}]},"7":{"loc":{"start":{"line":40,"column":15},"end":{"line":40,"column":29}},"type":"cond-expr","locations":[{"start":{"line":40,"column":23},"end":{"line":40,"column":25}},{"start":{"line":40,"column":23},"end":{"line":40,"column":29}}]},"8":{"loc":{"start":{"line":40,"column":15},"end":{"line":40,"column":25}},"type":"binary-expr","locations":[{"start":{"line":40,"column":15},"end":{"line":40,"column":25}},{"start":{"line":40,"column":23},"end":{"line":40,"column":25}}]},"9":{"loc":{"start":{"line":68,"column":8},"end":{"line":72,"column":9}},"type":"if","locations":[{"start":{"line":68,"column":8},"end":{"line":72,"column":9}},{"start":{"line":70,"column":15},"end":{"line":72,"column":9}}]},"10":{"loc":{"start":{"line":79,"column":17},"end":{"line":80,"column":null}},"type":"binary-expr","locations":[{"start":{"line":79,"column":17},"end":{"line":79,"column":40}},{"start":{"line":80,"column":20},"end":{"line":80,"column":69}}]}},"s":{"0":3,"1":3,"2":3,"3":3,"4":3,"5":3,"6":3,"7":3,"8":3,"9":3,"10":3,"11":3,"12":3,"13":3,"14":2,"15":3,"16":7,"17":7,"18":7,"19":7,"20":7,"21":6,"22":6,"23":6,"24":0,"25":6,"26":1,"27":5,"28":4,"29":5,"30":0,"31":0,"32":0,"33":5,"34":1,"35":1,"36":1,"37":5,"38":1,"39":1,"40":1,"41":1,"42":5,"43":1,"44":1,"45":0,"46":1,"47":5,"48":1,"49":0,"50":0},"f":{"0":1,"1":1,"2":7,"3":4,"4":0,"5":1,"6":1,"7":1,"8":1,"9":0,"10":0},"b":{"0":[0,6],"1":[6,6],"2":[1,5],"3":[0,5],"4":[5,5],"5":[4,0],"6":[4,4],"7":[0,4],"8":[4,4],"9":[1,0],"10":[5,1]}}
,"/Users/gniewko/Repos/salonbw/frontend/src/pages/auth/login.tsx": {"path":"/Users/gniewko/Repos/salonbw/frontend/src/pages/auth/login.tsx","statementMap":{"0":{"start":{"line":13,"column":0},"end":{"line":13,"column":24}},"1":{"start":{"line":1,"column":0},"end":{"line":1,"column":38}},"2":{"start":{"line":2,"column":0},"end":{"line":2,"column":27}},"3":{"start":{"line":3,"column":0},"end":{"line":3,"column":29}},"4":{"start":{"line":4,"column":0},"end":{"line":4,"column":40}},"5":{"start":{"line":5,"column":0},"end":{"line":5,"column":49}},"6":{"start":{"line":6,"column":0},"end":{"line":6,"column":53}},"7":{"start":{"line":8,"column":13},"end":{"line":11,"column":3}},"8":{"start":{"line":14,"column":22},"end":{"line":14,"column":31}},"9":{"start":{"line":15,"column":19},"end":{"line":15,"column":30}},"10":{"start":{"line":17,"column":4},"end":{"line":97,"column":6}},"11":{"start":{"line":26,"column":20},"end":{"line":36,"column":21}},"12":{"start":{"line":27,"column":24},"end":{"line":27,"column":67}},"13":{"start":{"line":28,"column":24},"end":{"line":28,"column":55}},"14":{"start":{"line":30,"column":24},"end":{"line":32,"column":26}},"15":{"start":{"line":33,"column":24},"end":{"line":33,"column":66}},"16":{"start":{"line":35,"column":24},"end":{"line":35,"column":45}},"17":{"start":{"line":48,"column":20},"end":{"line":88,"column":null}}},"fnMap":{"0":{"name":"LoginPage","decl":{"start":{"line":13,"column":24},"end":{"line":13,"column":33}},"loc":{"start":{"line":13,"column":33},"end":{"line":98,"column":1}}},"1":{"name":"(anonymous_11)","decl":{"start":{"line":22,"column":26},"end":{"line":22,"column":31}},"loc":{"start":{"line":25,"column":20},"end":{"line":37,"column":17}}},"2":{"name":"(anonymous_12)","decl":{"start":{"line":39,"column":17},"end":{"line":39,"column":18}},"loc":{"start":{"line":48,"column":20},"end":{"line":88,"column":null}}}},"branchMap":{"0":{"loc":{"start":{"line":31,"column":28},"end":{"line":31,"column":79}},"type":"cond-expr","locations":[{"start":{"line":31,"column":51},"end":{"line":31,"column":62}},{"start":{"line":31,"column":65},"end":{"line":31,"column":79}}]},"1":{"loc":{"start":{"line":59,"column":29},"end":{"line":62,"column":null}},"type":"binary-expr","locations":[{"start":{"line":59,"column":29},"end":{"line":59,"column":42}},{"start":{"line":59,"column":46},"end":{"line":59,"column":58}},{"start":{"line":60,"column":32},"end":{"line":61,"column":null}}]},"2":{"loc":{"start":{"line":75,"column":29},"end":{"line":78,"column":null}},"type":"binary-expr","locations":[{"start":{"line":75,"column":29},"end":{"line":75,"column":45}},{"start":{"line":75,"column":49},"end":{"line":75,"column":64}},{"start":{"line":76,"column":32},"end":{"line":77,"column":null}}]},"3":{"loc":{"start":{"line":82,"column":29},"end":{"line":82,"column":66}},"type":"cond-expr","locations":[{"start":{"line":82,"column":44},"end":{"line":82,"column":56}},{"start":{"line":82,"column":59},"end":{"line":82,"column":66}}]},"4":{"loc":{"start":{"line":84,"column":25},"end":{"line":87,"column":null}},"type":"binary-expr","locations":[{"start":{"line":84,"column":25},"end":{"line":84,"column":31}},{"start":{"line":85,"column":28},"end":{"line":86,"column":null}}]}},"s":{"0":2,"1":2,"2":2,"3":2,"4":2,"5":2,"6":2,"7":2,"8":2,"9":2,"10":2,"11":1,"12":1,"13":1,"14":0,"15":0,"16":1,"17":10},"f":{"0":2,"1":1,"2":10},"b":{"0":[0,0],"1":[10,5,1],"2":[10,4,1],"3":[1,9],"4":[10,0]}}
,"/Users/gniewko/Repos/salonbw/frontend/src/utils/calendarMap.ts": {"path":"/Users/gniewko/Repos/salonbw/frontend/src/utils/calendarMap.ts","statementMap":{"0":{"start":{"line":13,"column":0},"end":{"line":13,"column":16}},"1":{"start":{"line":22,"column":0},"end":{"line":22,"column":16}},"2":{"start":{"line":14,"column":2},"end":{"line":14,"column":47}},"3":{"start":{"line":14,"column":30},"end":{"line":14,"column":47}},"4":{"start":{"line":15,"column":2},"end":{"line":15,"column":47}},"5":{"start":{"line":15,"column":30},"end":{"line":15,"column":47}},"6":{"start":{"line":16,"column":2},"end":{"line":16,"column":31}},"7":{"start":{"line":16,"column":14},"end":{"line":16,"column":31}},"8":{"start":{"line":17,"column":15},"end":{"line":17,"column":53}},"9":{"start":{"line":18,"column":12},"end":{"line":18,"column":37}},"10":{"start":{"line":19,"column":2},"end":{"line":19,"column":29}},"11":{"start":{"line":28,"column":17},"end":{"line":28,"column":56}},"12":{"start":{"line":28,"column":45},"end":{"line":28,"column":54}},"13":{"start":{"line":29,"column":17},"end":{"line":29,"column":57}},"14":{"start":{"line":29,"column":46},"end":{"line":29,"column":55}},"15":{"start":{"line":31,"column":2},"end":{"line":56,"column":7}},"16":{"start":{"line":33,"column":6},"end":{"line":33,"column":null}},"17":{"start":{"line":36,"column":18},"end":{"line":36,"column":70}},"18":{"start":{"line":37,"column":18},"end":{"line":37,"column":72}},"19":{"start":{"line":38,"column":19},"end":{"line":38,"column":64}},"20":{"start":{"line":39,"column":20},"end":{"line":41,"column":44}},"21":{"start":{"line":42,"column":17},"end":{"line":42,"column":58}},"22":{"start":{"line":43,"column":6},"end":{"line":55,"column":32}}},"fnMap":{"0":{"name":"colorFor","decl":{"start":{"line":13,"column":16},"end":{"line":13,"column":24}},"loc":{"start":{"line":13,"column":56},"end":{"line":20,"column":1}}},"1":{"name":"mapAppointmentsToEvents","decl":{"start":{"line":22,"column":16},"end":{"line":22,"column":39}},"loc":{"start":{"line":26,"column":40},"end":{"line":57,"column":1}}},"2":{"name":"(anonymous_2)","decl":{"start":{"line":28,"column":38},"end":{"line":28,"column":39}},"loc":{"start":{"line":28,"column":45},"end":{"line":28,"column":54}}},"3":{"name":"(anonymous_3)","decl":{"start":{"line":29,"column":39},"end":{"line":29,"column":40}},"loc":{"start":{"line":29,"column":46},"end":{"line":29,"column":55}}},"4":{"name":"(anonymous_4)","decl":{"start":{"line":32,"column":12},"end":{"line":32,"column":13}},"loc":{"start":{"line":32,"column":18},"end":{"line":33,"column":null}}},"5":{"name":"(anonymous_5)","decl":{"start":{"line":35,"column":9},"end":{"line":35,"column":10}},"loc":{"start":{"line":35,"column":15},"end":{"line":56,"column":5}}}},"branchMap":{"0":{"loc":{"start":{"line":14,"column":2},"end":{"line":14,"column":47}},"type":"if","locations":[{"start":{"line":14,"column":2},"end":{"line":14,"column":47}},{"start":{},"end":{}}]},"1":{"loc":{"start":{"line":15,"column":2},"end":{"line":15,"column":47}},"type":"if","locations":[{"start":{"line":15,"column":2},"end":{"line":15,"column":47}},{"start":{},"end":{}}]},"2":{"loc":{"start":{"line":16,"column":2},"end":{"line":16,"column":31}},"type":"if","locations":[{"start":{"line":16,"column":2},"end":{"line":16,"column":31}},{"start":{},"end":{}}]},"3":{"loc":{"start":{"line":24,"column":2},"end":{"line":24,"column":26}},"type":"default-arg","locations":[{"start":{"line":24,"column":24},"end":{"line":24,"column":26}}]},"4":{"loc":{"start":{"line":25,"column":2},"end":{"line":25,"column":28}},"type":"default-arg","locations":[{"start":{"line":25,"column":26},"end":{"line":25,"column":28}}]},"5":{"loc":{"start":{"line":26,"column":2},"end":{"line":26,"column":40}},"type":"default-arg","locations":[{"start":{"line":26,"column":35},"end":{"line":26,"column":40}}]},"6":{"loc":{"start":{"line":33,"column":6},"end":{"line":33,"column":73}},"type":"cond-expr","locations":[{"start":{"line":33,"column":33},"end":{"line":33,"column":66}},{"start":{"line":33,"column":69},"end":{"line":33,"column":73}}]},"7":{"loc":{"start":{"line":33,"column":33},"end":{"line":33,"column":47}},"type":"cond-expr","locations":[{"start":{"line":33,"column":43},"end":{"line":33,"column":45}},{"start":{"line":33,"column":43},"end":{"line":33,"column":47}}]},"8":{"loc":{"start":{"line":33,"column":33},"end":{"line":33,"column":45}},"type":"binary-expr","locations":[{"start":{"line":33,"column":33},"end":{"line":33,"column":45}},{"start":{"line":33,"column":43},"end":{"line":33,"column":45}}]},"9":{"loc":{"start":{"line":36,"column":18},"end":{"line":36,"column":70}},"type":"cond-expr","locations":[{"start":{"line":36,"column":34},"end":{"line":36,"column":58}},{"start":{"line":36,"column":61},"end":{"line":36,"column":70}}]},"10":{"loc":{"start":{"line":36,"column":18},"end":{"line":36,"column":31}},"type":"cond-expr","locations":[{"start":{"line":36,"column":27},"end":{"line":36,"column":29}},{"start":{"line":36,"column":27},"end":{"line":36,"column":31}}]},"11":{"loc":{"start":{"line":36,"column":18},"end":{"line":36,"column":29}},"type":"binary-expr","locations":[{"start":{"line":36,"column":18},"end":{"line":36,"column":29}},{"start":{"line":36,"column":27},"end":{"line":36,"column":29}}]},"12":{"loc":{"start":{"line":37,"column":18},"end":{"line":37,"column":72}},"type":"cond-expr","locations":[{"start":{"line":37,"column":35},"end":{"line":37,"column":60}},{"start":{"line":37,"column":63},"end":{"line":37,"column":72}}]},"13":{"loc":{"start":{"line":37,"column":18},"end":{"line":37,"column":32}},"type":"cond-expr","locations":[{"start":{"line":37,"column":28},"end":{"line":37,"column":30}},{"start":{"line":37,"column":28},"end":{"line":37,"column":32}}]},"14":{"loc":{"start":{"line":37,"column":18},"end":{"line":37,"column":30}},"type":"binary-expr","locations":[{"start":{"line":37,"column":18},"end":{"line":37,"column":30}},{"start":{"line":37,"column":28},"end":{"line":37,"column":30}}]},"15":{"loc":{"start":{"line":39,"column":23},"end":{"line":39,"column":43}},"type":"cond-expr","locations":[{"start":{"line":39,"column":37},"end":{"line":39,"column":41}},{"start":{"line":39,"column":41},"end":{"line":39,"column":43}}]},"16":{"loc":{"start":{"line":39,"column":23},"end":{"line":39,"column":41}},"type":"binary-expr","locations":[{"start":{"line":39,"column":23},"end":{"line":39,"column":41}},{"start":{"line":39,"column":37},"end":{"line":39,"column":41}}]},"17":{"loc":{"start":{"line":39,"column":23},"end":{"line":39,"column":37}},"type":"cond-expr","locations":[{"start":{"line":39,"column":31},"end":{"line":39,"column":33}},{"start":{"line":39,"column":31},"end":{"line":39,"column":37}}]},"18":{"loc":{"start":{"line":39,"column":23},"end":{"line":39,"column":33}},"type":"binary-expr","locations":[{"start":{"line":39,"column":23},"end":{"line":39,"column":33}},{"start":{"line":39,"column":31},"end":{"line":39,"column":33}}]},"19":{"loc":{"start":{"line":39,"column":46},"end":{"line":39,"column":73}},"type":"cond-expr","locations":[{"start":{"line":39,"column":63},"end":{"line":39,"column":68}},{"start":{"line":39,"column":71},"end":{"line":39,"column":73}}]},"20":{"loc":{"start":{"line":39,"column":46},"end":{"line":39,"column":60}},"type":"cond-expr","locations":[{"start":{"line":39,"column":54},"end":{"line":39,"column":56}},{"start":{"line":39,"column":54},"end":{"line":39,"column":60}}]},"21":{"loc":{"start":{"line":39,"column":46},"end":{"line":39,"column":56}},"type":"binary-expr","locations":[{"start":{"line":39,"column":46},"end":{"line":39,"column":56}},{"start":{"line":39,"column":54},"end":{"line":39,"column":56}}]},"22":{"loc":{"start":{"line":40,"column":8},"end":{"line":40,"column":null}},"type":"cond-expr","locations":[{"start":{"line":40,"column":23},"end":{"line":40,"column":27}},{"start":{"line":40,"column":27},"end":{"line":40,"column":null}}]},"23":{"loc":{"start":{"line":40,"column":8},"end":{"line":40,"column":27}},"type":"binary-expr","locations":[{"start":{"line":40,"column":8},"end":{"line":40,"column":27}},{"start":{"line":40,"column":23},"end":{"line":40,"column":27}}]},"24":{"loc":{"start":{"line":40,"column":8},"end":{"line":40,"column":23}},"type":"cond-expr","locations":[{"start":{"line":40,"column":17},"end":{"line":40,"column":19}},{"start":{"line":40,"column":17},"end":{"line":40,"column":23}}]},"25":{"loc":{"start":{"line":40,"column":8},"end":{"line":40,"column":19}},"type":"binary-expr","locations":[{"start":{"line":40,"column":8},"end":{"line":40,"column":19}},{"start":{"line":40,"column":17},"end":{"line":40,"column":19}}]},"26":{"loc":{"start":{"line":41,"column":9},"end":{"line":41,"column":42}},"type":"cond-expr","locations":[{"start":{"line":41,"column":21},"end":{"line":41,"column":37}},{"start":{"line":41,"column":40},"end":{"line":41,"column":42}}]},"27":{"loc":{"start":{"line":41,"column":9},"end":{"line":41,"column":18}},"type":"cond-expr","locations":[{"start":{"line":41,"column":12},"end":{"line":41,"column":14}},{"start":{"line":41,"column":9},"end":{"line":41,"column":18}}]},"28":{"loc":{"start":{"line":41,"column":9},"end":{"line":41,"column":14}},"type":"binary-expr","locations":[{"start":{"line":41,"column":9},"end":{"line":41,"column":14}},{"start":{"line":41,"column":9},"end":{"line":41,"column":14}}]},"29":{"loc":{"start":{"line":42,"column":26},"end":{"line":42,"column":40}},"type":"cond-expr","locations":[{"start":{"line":42,"column":36},"end":{"line":42,"column":38}},{"start":{"line":42,"column":36},"end":{"line":42,"column":40}}]},"30":{"loc":{"start":{"line":42,"column":26},"end":{"line":42,"column":38}},"type":"binary-expr","locations":[{"start":{"line":42,"column":26},"end":{"line":42,"column":38}},{"start":{"line":42,"column":36},"end":{"line":42,"column":38}}]},"31":{"loc":{"start":{"line":45,"column":15},"end":{"line":45,"column":34}},"type":"binary-expr","locations":[{"start":{"line":45,"column":15},"end":{"line":45,"column":20}},{"start":{"line":45,"column":24},"end":{"line":45,"column":34}}]}},"s":{"0":1,"1":1,"2":5,"3":2,"4":3,"5":1,"6":2,"7":1,"8":1,"9":1,"10":1,"11":2,"12":4,"13":2,"14":4,"15":2,"16":4,"17":3,"18":3,"19":3,"20":3,"21":3,"22":3},"f":{"0":5,"1":2,"2":4,"3":4,"4":4,"5":3},"b":{"0":[2,3],"1":[1,2],"2":[1,1],"3":[0],"4":[0],"5":[0],"6":[2,2],"7":[0,2],"8":[2,2],"9":[3,0],"10":[0,3],"11":[3,3],"12":[3,0],"13":[0,3],"14":[3,3],"15":[3,0],"16":[3,3],"17":[0,3],"18":[3,3],"19":[3,0],"20":[0,3],"21":[3,3],"22":[3,0],"23":[3,3],"24":[0,3],"25":[3,3],"26":[3,0],"27":[0,3],"28":[3,3],"29":[0,3],"30":[3,3],"31":[3,0]}}
,"/Users/gniewko/Repos/salonbw/frontend/src/utils/string.ts": {"path":"/Users/gniewko/Repos/salonbw/frontend/src/utils/string.ts","statementMap":{"0":{"start":{"line":1,"column":0},"end":{"line":1,"column":16}},"1":{"start":{"line":2,"column":4},"end":{"line":4,"column":5}},"2":{"start":{"line":3,"column":8},"end":{"line":3,"column":18}},"3":{"start":{"line":5,"column":4},"end":{"line":5,"column":51}}},"fnMap":{"0":{"name":"capitalizeFirst","decl":{"start":{"line":1,"column":16},"end":{"line":1,"column":31}},"loc":{"start":{"line":1,"column":45},"end":{"line":6,"column":1}}}},"branchMap":{"0":{"loc":{"start":{"line":2,"column":4},"end":{"line":4,"column":5}},"type":"if","locations":[{"start":{"line":2,"column":4},"end":{"line":4,"column":5}},{"start":{},"end":{}}]}},"s":{"0":1,"1":2,"2":1,"3":1},"f":{"0":2},"b":{"0":[1,1]}}
}
