TN:
SF:src/testUtils.ts
FN:4,(anonymous_0)
FNF:1
FNH:1
FNDA:43,(anonymous_0)
DA:4,20
DA:6,43
LF:2
LH:2
BRDA:5,0,0,2
BRF:1
BRH:1
end_of_record
TN:
SF:src/api/apiClient.ts
FN:16,mapTokens
FN:29,(anonymous_2)
FN:39,(anonymous_3)
FN:49,(anonymous_4)
FN:50,(anonymous_5)
FN:104,(anonymous_6)
FN:121,(anonymous_7)
FNF:7
FNH:7
FNDA:1,mapTokens
FNDA:28,(anonymous_2)
FNDA:7,(anonymous_3)
FNDA:3,(anonymous_4)
FNDA:3,(anonymous_5)
FNDA:4,(anonymous_6)
FNDA:6,(anonymous_7)
DA:1,24
DA:17,1
DA:18,0
DA:23,1
DA:26,24
DA:30,28
DA:31,28
DA:32,28
DA:34,28
DA:39,28
DA:40,7
DA:41,7
DA:42,3
DA:43,3
DA:45,7
DA:48,28
DA:49,3
DA:51,3
DA:55,3
DA:57,3
DA:63,2
DA:66,2
DA:67,1
DA:69,1
DA:78,1
DA:79,1
DA:80,1
DA:81,1
DA:82,1
DA:83,1
DA:85,0
DA:86,0
DA:93,1
DA:97,2
DA:106,4
DA:107,2
DA:110,2
DA:111,2
DA:112,0
DA:114,2
DA:116,4
DA:117,4
DA:118,4
DA:122,6
DA:128,6
DA:129,6
DA:130,4
DA:131,2
DA:133,2
DA:135,2
DA:136,2
DA:139,2
DA:144,2
LF:53
LH:49
BRDA:17,0,0,0
BRDA:17,0,1,1
BRDA:35,1,0,28
BRDA:35,1,1,0
BRDA:41,2,0,3
BRDA:41,2,1,4
BRDA:42,3,0,2
BRDA:42,3,1,1
BRDA:42,4,0,3
BRDA:42,4,1,3
BRDA:57,5,0,2
BRDA:57,5,1,1
BRDA:58,6,0,3
BRDA:58,6,1,2
BRDA:58,6,2,2
BRDA:58,7,0,0
BRDA:58,7,1,3
BRDA:58,8,0,3
BRDA:58,8,1,3
BRDA:63,9,0,2
BRDA:63,9,1,0
BRDA:66,10,0,1
BRDA:66,10,1,1
BRDA:79,11,0,0
BRDA:79,11,1,1
BRDA:79,12,0,1
BRDA:79,12,1,1
BRDA:81,13,0,1
BRDA:81,13,1,0
BRDA:81,14,0,1
BRDA:81,14,1,1
BRDA:106,15,0,2
BRDA:106,15,1,2
BRDA:110,16,0,2
BRDA:110,16,1,0
BRDA:110,17,0,0
BRDA:110,17,1,2
BRDA:110,18,0,2
BRDA:110,18,1,2
BRDA:111,19,0,0
BRDA:111,19,1,2
BRDA:117,20,0,2
BRDA:117,20,1,2
BRDA:117,21,0,4
BRDA:117,21,1,4
BRDA:121,22,0,6
BRDA:130,23,0,2
BRDA:130,23,1,2
BRDA:130,24,0,4
BRDA:130,24,1,3
BRDA:136,25,0,2
BRDA:136,25,1,0
BRDA:141,26,0,2
BRDA:141,26,1,2
BRDA:141,27,0,2
BRDA:141,27,1,0
BRDA:141,28,0,2
BRDA:141,28,1,2
BRF:58
BRH:47
end_of_record
TN:
SF:src/api/auth.ts
FN:4,(anonymous_0)
FN:6,setLogoutCallback
FN:11,(anonymous_2)
FN:12,(anonymous_3)
FN:36,mapTokens
FN:48,login
FN:63,register
FN:77,refreshToken
FNF:8
FNH:4
FNDA:0,(anonymous_0)
FNDA:0,setLogoutCallback
FNDA:0,(anonymous_2)
FNDA:0,(anonymous_3)
FNDA:2,mapTokens
FNDA:2,login
FNDA:2,register
FNDA:2,refreshToken
DA:1,27
DA:4,27
DA:6,27
DA:7,0
DA:10,27
DA:11,0
DA:12,0
DA:37,2
DA:38,1
DA:43,1
DA:46,27
DA:48,27
DA:51,2
DA:52,2
DA:57,1
DA:59,1
DA:63,27
DA:64,2
DA:65,2
DA:71,1
DA:77,27
DA:78,2
DA:80,2
DA:83,2
DA:88,1
DA:90,1
LF:26
LH:23
BRDA:37,0,0,1
BRDA:37,0,1,1
BRDA:59,1,0,0
BRDA:59,1,1,1
BRDA:72,2,0,1
BRDA:72,2,1,0
BRDA:80,3,0,2
BRDA:80,3,1,0
BRDA:91,4,0,0
BRDA:91,4,1,1
BRF:10
BRH:6
end_of_record
TN:
SF:src/api/clients.ts
FN:5,useClientApi
FN:9,(anonymous_1)
FN:24,(anonymous_2)
FN:39,(anonymous_3)
FNF:4
FNH:4
FNDA:5,useClientApi
FNDA:3,(anonymous_1)
FNDA:1,(anonymous_2)
FNDA:2,(anonymous_3)
DA:1,3
DA:2,3
DA:5,3
DA:6,5
DA:7,5
DA:9,5
DA:10,3
DA:11,3
DA:16,1
DA:17,1
DA:19,2
DA:20,2
DA:24,5
DA:25,1
DA:26,1
DA:31,1
DA:32,1
DA:34,0
DA:35,0
DA:39,5
DA:40,2
DA:41,2
DA:42,1
DA:44,1
DA:45,1
DA:49,5
LF:26
LH:24
BRDA:19,0,0,2
BRDA:19,0,1,0
BRDA:34,1,0,0
BRDA:34,1,1,0
BRDA:44,2,0,1
BRDA:44,2,1,0
BRF:6
BRH:2
end_of_record
TN:
SF:src/api/employees.ts
FN:5,useEmployeeApi
FN:9,(anonymous_1)
FN:24,(anonymous_2)
FN:42,(anonymous_3)
FNF:4
FNH:4
FNDA:5,useEmployeeApi
FNDA:3,(anonymous_1)
FNDA:1,(anonymous_2)
FNDA:2,(anonymous_3)
DA:1,2
DA:2,2
DA:5,2
DA:6,5
DA:7,5
DA:9,5
DA:10,3
DA:11,3
DA:16,1
DA:17,1
DA:19,2
DA:20,2
DA:24,5
DA:28,1
DA:29,1
DA:34,1
DA:35,1
DA:37,0
DA:38,0
DA:42,5
DA:43,2
DA:44,2
DA:45,1
DA:47,1
DA:48,1
DA:52,5
LF:26
LH:24
BRDA:19,0,0,2
BRDA:19,0,1,0
BRDA:37,1,0,0
BRDA:37,1,1,0
BRDA:47,2,0,1
BRDA:47,2,1,0
BRF:6
BRH:2
end_of_record
TN:
SF:src/api/payments.ts
FN:3,usePaymentsApi
FN:6,(anonymous_1)
FNF:2
FNH:2
FNDA:1,usePaymentsApi
FNDA:1,(anonymous_1)
DA:1,1
DA:3,1
DA:4,1
DA:6,1
DA:7,1
DA:15,1
DA:18,1
LF:7
LH:7
BRF:0
BRH:0
end_of_record
TN:
SF:src/api/products.ts
FN:5,useProductApi
FN:9,(anonymous_1)
FN:30,(anonymous_2)
FN:54,(anonymous_3)
FN:69,(anonymous_4)
FNF:5
FNH:5
FNDA:6,useProductApi
FNDA:2,(anonymous_1)
FNDA:2,(anonymous_2)
FNDA:2,(anonymous_3)
FNDA:1,(anonymous_4)
DA:1,2
DA:2,2
DA:5,2
DA:6,6
DA:7,6
DA:9,6
DA:16,2
DA:17,2
DA:22,1
DA:23,1
DA:25,1
DA:26,1
DA:30,6
DA:40,2
DA:41,2
DA:46,1
DA:47,1
DA:49,1
DA:50,1
DA:54,6
DA:55,2
DA:56,2
DA:61,1
DA:62,1
DA:64,1
DA:65,1
DA:69,6
DA:70,1
DA:71,1
DA:72,0
DA:74,1
DA:75,1
DA:79,6
LF:33
LH:32
BRDA:25,0,0,1
BRDA:25,0,1,0
BRDA:49,1,0,1
BRDA:49,1,1,0
BRDA:64,2,0,1
BRDA:64,2,1,0
BRDA:74,3,0,1
BRDA:74,3,1,0
BRF:8
BRH:4
end_of_record
TN:
SF:src/api/reviews.ts
FN:5,useReviewApi
FN:9,(anonymous_1)
FN:30,(anonymous_2)
FN:41,(anonymous_3)
FN:63,(anonymous_4)
FN:81,(anonymous_5)
FNF:6
FNH:6
FNDA:6,useReviewApi
FNDA:2,(anonymous_1)
FNDA:2,(anonymous_2)
FNDA:1,(anonymous_3)
FNDA:1,(anonymous_4)
FNDA:1,(anonymous_5)
DA:1,3
DA:2,3
DA:5,3
DA:6,6
DA:7,6
DA:9,6
DA:13,2
DA:14,2
DA:22,1
DA:23,1
DA:25,1
DA:26,1
DA:30,6
DA:31,2
DA:32,2
DA:36,1
DA:37,1
DA:41,6
DA:45,1
DA:46,1
DA:47,1
DA:48,1
DA:49,1
DA:50,1
DA:51,1
DA:58,1
DA:59,1
DA:63,6
DA:67,1
DA:68,1
DA:73,1
DA:74,1
DA:76,0
DA:77,0
DA:81,6
DA:82,1
DA:83,1
DA:84,1
DA:86,0
DA:87,0
DA:91,6
LF:41
LH:37
BRDA:25,0,0,1
BRDA:25,0,1,0
BRDA:36,1,0,1
BRDA:36,1,1,0
BRDA:43,2,0,0
BRDA:46,3,0,1
BRDA:46,3,1,0
BRDA:47,4,0,1
BRDA:47,4,1,0
BRDA:48,5,0,1
BRDA:48,5,1,0
BRDA:56,6,0,1
BRDA:56,6,1,0
BRDA:58,7,0,1
BRDA:58,7,1,0
BRDA:76,8,0,0
BRDA:76,8,1,0
BRDA:86,9,0,0
BRDA:86,9,1,0
BRF:19
BRH:7
end_of_record
TN:
SF:src/api/services.ts
FN:5,useServiceApi
FN:9,(anonymous_1)
FN:24,(anonymous_2)
FN:39,(anonymous_3)
FNF:4
FNH:4
FNDA:5,useServiceApi
FNDA:3,(anonymous_1)
FNDA:1,(anonymous_2)
FNDA:1,(anonymous_3)
DA:1,2
DA:2,2
DA:5,2
DA:6,5
DA:7,5
DA:9,5
DA:10,3
DA:11,3
DA:16,1
DA:17,1
DA:19,2
DA:20,2
DA:24,5
DA:25,1
DA:26,1
DA:31,1
DA:32,1
DA:34,0
DA:35,0
DA:39,5
DA:40,1
DA:41,1
DA:42,0
DA:44,1
DA:45,1
DA:49,5
LF:26
LH:23
BRDA:19,0,0,2
BRDA:19,0,1,0
BRDA:34,1,0,0
BRDA:34,1,1,0
BRDA:44,2,0,1
BRDA:44,2,1,0
BRF:6
BRH:2
end_of_record
TN:
SF:src/components/AppointmentDetailsModal.tsx
FN:14,AppointmentDetailsModal
FN:44,(anonymous_2)
FN:54,(anonymous_3)
FNF:3
FNH:3
FNDA:1,AppointmentDetailsModal
FNDA:1,(anonymous_2)
FNDA:1,(anonymous_3)
DA:1,1
DA:14,1
DA:23,1
DA:24,1
DA:25,1
DA:26,1
DA:45,1
DA:55,1
LF:8
LH:8
BRDA:18,0,0,0
BRDA:19,1,0,0
BRDA:23,2,0,0
BRDA:23,2,1,1
BRDA:31,3,0,1
BRDA:31,3,1,0
BRDA:31,4,0,1
BRDA:31,4,1,1
BRDA:31,5,0,0
BRDA:31,5,1,1
BRDA:31,6,0,1
BRDA:31,6,1,1
BRDA:32,7,0,1
BRDA:32,7,1,0
BRDA:32,8,0,1
BRDA:32,8,1,1
BRDA:32,9,0,0
BRDA:32,9,1,1
BRDA:32,10,0,1
BRDA:32,10,1,1
BRDA:34,11,0,1
BRDA:34,11,1,0
BRDA:34,12,0,1
BRDA:34,12,1,1
BRDA:34,13,0,1
BRDA:34,13,1,0
BRDA:34,14,0,1
BRDA:34,14,1,1
BRDA:34,15,0,0
BRDA:34,15,1,1
BRDA:34,16,0,1
BRDA:34,16,1,1
BRDA:34,17,0,0
BRDA:34,17,1,0
BRDA:34,18,0,0
BRDA:34,18,1,0
BRDA:36,19,0,0
BRDA:36,19,1,1
BRDA:36,20,0,1
BRDA:36,20,1,1
BRDA:41,21,0,1
BRDA:41,21,1,1
BRDA:45,22,0,1
BRDA:45,22,1,0
BRDA:45,23,0,1
BRDA:45,23,1,1
BRDA:51,24,0,1
BRDA:51,24,1,1
BRDA:55,25,0,1
BRDA:55,25,1,0
BRDA:55,26,0,1
BRDA:55,26,1,1
BRF:52
BRH:35
end_of_record
TN:
SF:src/components/AppointmentForm.tsx
FN:12,AppointmentForm
FN:25,(anonymous_10)
FN:50,(anonymous_11)
FN:53,(anonymous_12)
FN:64,(anonymous_13)
FN:80,(anonymous_14)
FNF:6
FNH:5
FNDA:7,AppointmentForm
FNDA:2,(anonymous_10)
FNDA:2,(anonymous_11)
FNDA:0,(anonymous_12)
FNDA:7,(anonymous_13)
FNDA:2,(anonymous_14)
DA:1,4
DA:2,4
DA:12,4
DA:18,7
DA:21,7
DA:22,7
DA:23,7
DA:25,7
DA:26,2
DA:27,2
DA:28,2
DA:29,2
DA:30,2
DA:32,1
DA:38,1
DA:39,0
DA:40,0
DA:42,0
DA:45,2
DA:49,7
DA:50,2
DA:53,0
DA:65,7
DA:80,2
LF:24
LH:20
BRDA:19,0,0,0
BRDA:19,0,1,7
BRDA:19,1,0,7
BRDA:19,1,1,7
BRDA:19,2,0,4
BRDA:19,2,1,3
BRDA:19,3,0,7
BRDA:19,3,1,7
BRDA:19,4,0,0
BRDA:19,4,1,7
BRDA:19,5,0,7
BRDA:19,5,1,7
BRDA:21,6,0,3
BRDA:21,6,1,4
BRDA:21,7,0,7
BRDA:21,7,1,7
BRDA:21,8,0,4
BRDA:21,8,1,3
BRDA:21,9,0,7
BRDA:21,9,1,7
BRDA:32,10,0,1
BRDA:32,10,1,0
BRDA:33,11,0,1
BRDA:33,11,1,1
BRDA:33,11,2,1
BRDA:33,11,3,1
BRDA:39,12,0,0
BRDA:39,12,1,0
BRDA:40,13,0,0
BRDA:40,13,1,0
BRDA:83,14,0,7
BRDA:83,14,1,1
BRDA:101,15,0,2
BRDA:101,15,1,5
BRF:34
BRH:27
end_of_record
TN:
SF:src/components/ClientForm.tsx
FN:15,ClientForm
FN:20,(anonymous_1)
FN:36,(anonymous_2)
FN:39,(anonymous_3)
FNF:4
FNH:4
FNDA:6,ClientForm
FNDA:2,(anonymous_1)
FNDA:2,(anonymous_2)
FNDA:1,(anonymous_3)
DA:1,1
DA:2,1
DA:5,1
DA:15,1
DA:16,6
DA:17,6
DA:18,6
DA:20,6
DA:21,2
DA:22,2
DA:23,2
DA:24,1
DA:25,1
DA:27,1
DA:28,1
DA:29,0
DA:31,2
DA:35,6
DA:36,2
DA:39,1
LF:20
LH:19
BRDA:16,0,0,0
BRDA:16,0,1,6
BRDA:16,1,0,6
BRDA:16,1,1,6
BRDA:16,2,0,6
BRDA:16,2,1,0
BRDA:16,3,0,6
BRDA:16,3,1,6
BRDA:27,4,0,1
BRDA:27,4,1,0
BRDA:28,5,0,1
BRDA:28,5,1,0
BRDA:28,6,0,1
BRDA:28,6,1,1
BRDA:28,7,0,0
BRDA:28,7,1,1
BRDA:28,8,0,1
BRDA:28,8,1,1
BRDA:43,9,0,6
BRDA:43,9,1,1
BRDA:61,10,0,1
BRDA:61,10,1,5
BRF:22
BRH:17
end_of_record
TN:
SF:src/components/ContactForm.tsx
FN:11,ContactForm
FN:19,(anonymous_1)
FN:23,(anonymous_2)
FN:34,(anonymous_3)
FN:83,(anonymous_4)
FN:90,(anonymous_5)
FNF:6
FNH:5
FNDA:10,ContactForm
FNDA:6,(anonymous_1)
FNDA:6,(anonymous_2)
FNDA:1,(anonymous_3)
FNDA:0,(anonymous_4)
FNDA:1,(anonymous_5)
DA:1,1
DA:2,1
DA:3,1
DA:5,1
DA:11,1
DA:12,10
DA:13,10
DA:14,10
DA:15,10
DA:16,10
DA:17,10
DA:19,10
DA:22,6
DA:23,6
DA:24,6
DA:25,6
DA:26,6
DA:27,2
DA:28,2
DA:32,10
DA:34,10
DA:35,1
DA:36,1
DA:37,1
DA:38,0
DA:39,0
DA:40,0
DA:42,0
DA:44,0
DA:46,1
DA:47,1
DA:48,1
DA:49,1
DA:50,1
DA:51,1
DA:52,1
DA:65,1
DA:66,1
DA:67,1
DA:68,1
DA:69,1
DA:71,0
DA:75,0
DA:79,0
DA:80,0
DA:81,0
DA:83,0
DA:89,10
DA:90,1
LF:49
LH:38
BRDA:26,0,0,2
BRDA:26,0,1,4
BRDA:28,1,0,1
BRDA:28,1,1,1
BRDA:37,2,0,0
BRDA:37,2,1,1
BRDA:39,3,0,0
BRDA:39,3,1,0
BRDA:65,4,0,0
BRDA:65,4,1,1
BRDA:77,5,0,0
BRDA:77,5,1,0
BRDA:77,6,0,0
BRDA:77,6,1,0
BRDA:77,7,0,0
BRDA:77,7,1,0
BRDA:79,8,0,0
BRDA:79,8,1,0
BRDA:106,9,0,10
BRDA:106,9,1,2
BRDA:119,10,0,10
BRDA:119,10,1,0
BRDA:124,11,0,10
BRDA:124,11,1,0
BRDA:132,12,0,10
BRDA:132,12,1,1
BRF:26
BRH:12
end_of_record
TN:
SF:src/components/DashboardLayout.tsx
FN:10,DashboardLayout
FN:14,(anonymous_2)
FN:16,(anonymous_3)
FNF:3
FNH:1
FNDA:6,DashboardLayout
FNDA:0,(anonymous_2)
FNDA:0,(anonymous_3)
DA:2,5
DA:3,5
DA:4,5
DA:10,5
DA:11,6
DA:12,6
DA:14,0
DA:16,0
LF:8
LH:6
BRF:0
BRH:0
end_of_record
TN:
SF:src/components/DashboardNav.tsx
FN:33,DashboardNav
FN:48,(anonymous_2)
FNF:2
FNH:2
FNDA:1,DashboardNav
FNDA:2,(anonymous_2)
DA:2,1
DA:3,1
DA:4,1
DA:7,1
DA:33,1
DA:34,1
DA:35,1
DA:37,1
DA:44,1
DA:49,2
DA:50,2
LF:11
LH:11
BRDA:37,0,0,1
BRDA:37,0,1,0
BRDA:37,1,0,1
BRDA:37,1,1,1
BRDA:37,1,2,1
BRDA:37,1,3,0
BRDA:54,2,0,1
BRDA:54,2,1,1
BRDA:55,3,0,1
BRDA:55,3,1,1
BRF:10
BRH:8
end_of_record
TN:
SF:src/components/DataTable.tsx
FN:16,DataTable
FN:28,(anonymous_10)
FN:29,(anonymous_11)
FN:37,(anonymous_12)
FN:49,(anonymous_13)
FN:63,(anonymous_14)
FN:69,(anonymous_15)
FN:73,(anonymous_16)
FN:84,(anonymous_17)
FN:86,(anonymous_18)
FN:101,(anonymous_19)
FN:101,(anonymous_20)
FN:111,(anonymous_21)
FN:112,(anonymous_22)
FNF:14
FNH:14
FNDA:8,DataTable
FNDA:24,(anonymous_10)
FNDA:29,(anonymous_11)
FNDA:6,(anonymous_12)
FNDA:2,(anonymous_13)
FNDA:1,(anonymous_14)
FNDA:24,(anonymous_15)
FNDA:2,(anonymous_16)
FNDA:18,(anonymous_17)
FNDA:54,(anonymous_18)
FNDA:1,(anonymous_19)
FNDA:1,(anonymous_20)
FNDA:1,(anonymous_21)
FNDA:1,(anonymous_22)
DA:1,1
DA:16,1
DA:23,8
DA:24,8
DA:25,8
DA:26,8
DA:28,8
DA:29,24
DA:30,29
DA:36,8
DA:38,6
DA:39,6
DA:40,6
DA:41,6
DA:42,2
DA:46,8
DA:47,8
DA:49,8
DA:50,2
DA:51,1
DA:53,1
DA:54,1
DA:58,8
DA:63,1
DA:70,24
DA:73,2
DA:85,18
DA:87,54
DA:101,1
DA:112,1
LF:30
LH:30
BRDA:21,0,0,0
BRDA:36,1,0,3
BRDA:36,1,1,5
BRDA:40,2,0,0
BRDA:40,2,1,6
BRDA:41,3,0,4
BRDA:41,3,1,2
BRDA:41,4,0,4
BRDA:41,4,1,0
BRDA:42,5,0,0
BRDA:42,5,1,2
BRDA:50,6,0,1
BRDA:50,6,1,1
BRDA:51,7,0,1
BRDA:51,7,1,0
BRDA:76,8,0,24
BRDA:76,8,1,3
BRDA:77,9,0,2
BRDA:77,9,1,1
BRDA:92,10,0,0
BRDA:92,10,1,18
BRDA:107,11,0,8
BRDA:107,11,1,0
BRF:23
BRH:16
end_of_record
TN:
SF:src/components/EmployeeForm.tsx
FN:16,EmployeeForm
FN:22,(anonymous_1)
FN:38,(anonymous_2)
FN:41,(anonymous_3)
FN:47,(anonymous_4)
FNF:5
FNH:5
FNDA:7,EmployeeForm
FNDA:2,(anonymous_1)
FNDA:2,(anonymous_2)
FNDA:1,(anonymous_3)
FNDA:1,(anonymous_4)
DA:1,1
DA:2,1
DA:5,1
DA:16,1
DA:17,7
DA:18,7
DA:19,7
DA:20,7
DA:22,7
DA:23,2
DA:24,2
DA:25,2
DA:26,1
DA:27,1
DA:29,1
DA:30,1
DA:31,0
DA:33,2
DA:37,7
DA:38,2
DA:41,1
DA:47,1
LF:22
LH:21
BRDA:17,0,0,0
BRDA:17,0,1,7
BRDA:17,1,0,7
BRDA:17,1,1,7
BRDA:17,2,0,7
BRDA:17,2,1,0
BRDA:17,3,0,7
BRDA:17,3,1,7
BRDA:18,4,0,0
BRDA:18,4,1,7
BRDA:18,5,0,7
BRDA:18,5,1,7
BRDA:18,6,0,7
BRDA:18,6,1,0
BRDA:18,7,0,7
BRDA:18,7,1,7
BRDA:29,8,0,1
BRDA:29,8,1,0
BRDA:30,9,0,1
BRDA:30,9,1,0
BRDA:30,10,0,1
BRDA:30,10,1,1
BRDA:30,11,0,0
BRDA:30,11,1,1
BRDA:30,12,0,1
BRDA:30,12,1,1
BRDA:51,13,0,7
BRDA:51,13,1,1
BRDA:69,14,0,1
BRDA:69,14,1,6
BRF:30
BRH:23
end_of_record
TN:
SF:src/components/FAQAccordion.tsx
FN:9,FAQAccordion
FN:12,(anonymous_1)
FN:18,(anonymous_2)
FN:22,(anonymous_3)
FNF:4
FNH:2
FNDA:1,FAQAccordion
FNDA:0,(anonymous_1)
FNDA:3,(anonymous_2)
FNDA:0,(anonymous_3)
DA:2,1
DA:9,1
DA:10,1
DA:12,1
DA:13,0
DA:16,1
DA:19,3
DA:22,0
LF:8
LH:6
BRDA:13,0,0,0
BRDA:13,0,1,0
BRDA:27,1,0,3
BRDA:27,1,1,0
BRF:4
BRH:1
end_of_record
TN:
SF:src/components/Footer.tsx
FN:3,Footer
FNF:1
FNH:1
FNDA:4,Footer
DA:3,5
DA:4,4
LF:2
LH:2
BRF:0
BRH:0
end_of_record
TN:
SF:src/components/Layout.tsx
FN:8,isPublicPage
FN:9,(anonymous_2)
FN:16,Layout
FNF:3
FNH:3
FNDA:4,isPublicPage
FNDA:26,(anonymous_2)
FNDA:2,Layout
DA:3,2
DA:4,2
DA:5,2
DA:6,2
DA:8,2
DA:9,4
DA:10,26
DA:16,2
DA:17,2
DA:18,2
DA:19,2
LF:11
LH:11
BRDA:10,0,0,4
BRDA:10,0,1,22
BRDA:19,1,0,1
BRDA:19,1,1,1
BRF:4
BRH:4
end_of_record
TN:
SF:src/components/Modal.tsx
FN:9,Modal
FN:10,(anonymous_1)
FN:11,(anonymous_2)
FN:15,(anonymous_3)
FNF:4
FNH:3
FNDA:6,Modal
FNDA:6,(anonymous_1)
FNDA:0,(anonymous_2)
FNDA:6,(anonymous_3)
DA:1,4
DA:9,4
DA:10,6
DA:11,6
DA:12,0
DA:14,6
DA:15,6
DA:18,6
DA:20,2
LF:9
LH:8
BRDA:12,0,0,0
BRDA:12,0,1,0
BRDA:14,1,0,2
BRDA:14,1,1,4
BRDA:18,2,0,4
BRDA:18,2,1,2
BRF:6
BRH:4
end_of_record
TN:
SF:src/components/Navbar.tsx
FN:5,Navbar
FNF:1
FNH:1
FNDA:4,Navbar
DA:2,5
DA:3,5
DA:5,5
DA:6,4
DA:7,4
DA:9,4
LF:6
LH:6
BRDA:48,0,0,0
BRDA:48,0,1,4
BRF:2
BRH:1
end_of_record
TN:
SF:src/components/ProductForm.tsx
FN:27,ProductForm
FN:38,(anonymous_1)
FN:40,(anonymous_2)
FN:43,(anonymous_3)
FN:59,(anonymous_4)
FNF:5
FNH:5
FNDA:8,ProductForm
FNDA:3,(anonymous_1)
FNDA:3,(anonymous_2)
FNDA:2,(anonymous_3)
FNDA:2,(anonymous_4)
DA:1,1
DA:2,1
DA:5,1
DA:27,1
DA:28,8
DA:35,8
DA:36,8
DA:38,8
DA:39,3
DA:40,3
DA:43,8
DA:44,2
DA:45,2
DA:46,2
DA:47,1
DA:48,1
DA:50,1
DA:51,1
DA:52,0
DA:54,2
DA:58,8
DA:59,2
LF:22
LH:21
BRDA:29,0,0,0
BRDA:29,0,1,8
BRDA:29,1,0,8
BRDA:29,1,1,8
BRDA:29,2,0,8
BRDA:29,2,1,0
BRDA:29,3,0,8
BRDA:29,3,1,8
BRDA:30,4,0,0
BRDA:30,4,1,8
BRDA:30,5,0,8
BRDA:30,5,1,8
BRDA:30,6,0,8
BRDA:30,6,1,0
BRDA:30,7,0,8
BRDA:30,7,1,8
BRDA:31,8,0,0
BRDA:31,8,1,8
BRDA:31,9,0,8
BRDA:31,9,1,8
BRDA:31,10,0,8
BRDA:31,10,1,0
BRDA:31,11,0,8
BRDA:31,11,1,8
BRDA:32,12,0,0
BRDA:32,12,1,8
BRDA:32,13,0,8
BRDA:32,13,1,8
BRDA:32,14,0,8
BRDA:32,14,1,0
BRDA:32,15,0,8
BRDA:32,15,1,8
BRDA:33,16,0,0
BRDA:33,16,1,8
BRDA:33,17,0,8
BRDA:33,17,1,8
BRDA:33,18,0,8
BRDA:33,18,1,0
BRDA:33,19,0,8
BRDA:33,19,1,8
BRDA:50,20,0,1
BRDA:50,20,1,0
BRDA:51,21,0,1
BRDA:51,21,1,0
BRDA:51,22,0,1
BRDA:51,22,1,1
BRDA:51,23,0,0
BRDA:51,23,1,1
BRDA:51,24,0,1
BRDA:51,24,1,1
BRDA:95,25,0,8
BRDA:95,25,1,1
BRDA:113,26,0,1
BRDA:113,26,1,7
BRF:54
BRH:41
end_of_record
TN:
SF:src/components/PublicLayout.tsx
FN:6,PublicLayout
FNF:1
FNH:1
FNDA:4,PublicLayout
DA:3,5
DA:4,5
DA:6,5
DA:7,4
LF:4
LH:4
BRF:0
BRH:0
end_of_record
TN:
SF:src/components/ReviewForm.tsx
FN:23,ReviewForm
FN:31,(anonymous_1)
FN:35,(anonymous_2)
FN:38,(anonymous_3)
FN:51,(anonymous_4)
FNF:5
FNH:5
FNDA:5,ReviewForm
FNDA:2,(anonymous_1)
FNDA:2,(anonymous_2)
FNDA:2,(anonymous_3)
FNDA:2,(anonymous_4)
DA:1,1
DA:2,1
DA:5,1
DA:23,1
DA:24,5
DA:29,5
DA:31,5
DA:34,2
DA:35,2
DA:38,5
DA:39,2
DA:40,2
DA:41,2
DA:42,1
DA:44,1
DA:45,1
DA:46,0
DA:50,5
DA:51,2
LF:19
LH:18
BRDA:25,0,0,0
BRDA:25,0,1,5
BRDA:25,1,0,5
BRDA:25,1,1,5
BRDA:25,2,0,5
BRDA:25,2,1,0
BRDA:25,3,0,5
BRDA:25,3,1,5
BRDA:26,4,0,0
BRDA:26,4,1,5
BRDA:26,5,0,5
BRDA:26,5,1,5
BRDA:26,6,0,5
BRDA:26,6,1,0
BRDA:26,7,0,5
BRDA:26,7,1,5
BRDA:27,8,0,0
BRDA:27,8,1,5
BRDA:27,9,0,5
BRDA:27,9,1,5
BRDA:27,10,0,5
BRDA:27,10,1,0
BRDA:27,11,0,5
BRDA:27,11,1,5
BRDA:44,12,0,1
BRDA:44,12,1,0
BRDA:45,13,0,1
BRDA:45,13,1,0
BRDA:45,14,0,1
BRDA:45,14,1,1
BRDA:45,15,0,0
BRDA:45,15,1,1
BRDA:45,16,0,1
BRDA:45,16,1,1
BRDA:59,17,0,5
BRDA:59,17,1,0
BRDA:59,18,0,5
BRDA:59,18,1,0
BRDA:59,19,0,5
BRDA:59,19,1,5
BRDA:67,20,0,5
BRDA:67,20,1,0
BRDA:67,21,0,5
BRDA:67,21,1,0
BRDA:67,22,0,5
BRDA:67,22,1,5
BRDA:89,23,0,5
BRDA:89,23,1,1
BRF:48
BRH:35
end_of_record
TN:
SF:src/components/RouteGuard.tsx
FN:11,RouteGuard
FN:15,(anonymous_1)
FNF:2
FNH:2
FNDA:9,RouteGuard
FNDA:9,(anonymous_1)
DA:1,4
DA:2,4
DA:3,4
DA:11,4
DA:12,9
DA:13,9
DA:15,9
DA:16,9
DA:17,8
DA:18,1
DA:19,7
DA:20,1
DA:24,9
DA:25,8
DA:26,7
DA:27,6
LF:16
LH:16
BRDA:16,0,0,1
BRDA:16,0,1,8
BRDA:17,1,0,1
BRDA:17,1,1,7
BRDA:19,2,0,1
BRDA:19,2,1,6
BRDA:19,3,0,7
BRDA:19,3,1,7
BRDA:19,3,2,7
BRDA:24,4,0,1
BRDA:24,4,1,8
BRDA:25,5,0,1
BRDA:25,5,1,7
BRDA:26,6,0,1
BRDA:26,6,1,6
BRDA:26,7,0,7
BRDA:26,7,1,7
BRDA:26,7,2,7
BRF:18
BRH:18
end_of_record
TN:
SF:src/components/ServiceForm.tsx
FN:15,ServiceForm
FN:20,(anonymous_1)
FN:36,(anonymous_2)
FN:39,(anonymous_3)
FNF:4
FNH:4
FNDA:6,ServiceForm
FNDA:2,(anonymous_1)
FNDA:2,(anonymous_2)
FNDA:1,(anonymous_3)
DA:1,1
DA:2,1
DA:5,1
DA:15,1
DA:16,6
DA:17,6
DA:18,6
DA:20,6
DA:21,2
DA:22,2
DA:23,2
DA:24,1
DA:25,1
DA:27,1
DA:28,1
DA:29,0
DA:31,2
DA:35,6
DA:36,2
DA:39,1
LF:20
LH:19
BRDA:16,0,0,0
BRDA:16,0,1,6
BRDA:16,1,0,6
BRDA:16,1,1,6
BRDA:16,2,0,6
BRDA:16,2,1,0
BRDA:16,3,0,6
BRDA:16,3,1,6
BRDA:27,4,0,1
BRDA:27,4,1,0
BRDA:28,5,0,1
BRDA:28,5,1,0
BRDA:28,6,0,1
BRDA:28,6,1,1
BRDA:28,7,0,0
BRDA:28,7,1,1
BRDA:28,8,0,1
BRDA:28,8,1,1
BRDA:43,9,0,6
BRDA:43,9,1,1
BRDA:61,10,0,1
BRDA:61,10,1,5
BRF:22
BRH:17
end_of_record
TN:
SF:src/components/SidebarMenu.tsx
FN:37,SidebarMenu
FN:49,(anonymous_2)
FNF:2
FNH:2
FNDA:6,SidebarMenu
FNDA:24,(anonymous_2)
DA:2,5
DA:3,5
DA:6,5
DA:37,5
DA:38,6
DA:40,6
DA:48,6
DA:50,24
DA:68,6
LF:9
LH:9
BRDA:40,0,0,6
BRDA:40,0,1,0
BRDA:40,1,0,6
BRDA:40,1,1,2
BRDA:40,1,2,2
BRDA:40,1,3,1
BRDA:71,2,0,0
BRDA:71,2,1,6
BRF:8
BRH:6
end_of_record
TN:
SF:src/components/StatsWidget.tsx
FN:7,StatsWidget
FNF:1
FNH:1
FNDA:2,StatsWidget
DA:7,1
DA:8,2
LF:2
LH:2
BRDA:10,0,0,1
BRDA:10,0,1,1
BRF:2
BRH:2
end_of_record
TN:
SF:src/components/Topbar.tsx
FN:6,Topbar
FNF:1
FNH:1
FNDA:6,Topbar
DA:6,5
DA:7,6
LF:2
LH:2
BRF:0
BRH:0
end_of_record
TN:
SF:src/config/publicRoutes.ts
FNF:0
FNH:0
DA:1,2
LF:1
LH:1
BRF:0
BRH:0
end_of_record
TN:
SF:src/contexts/AuthContext.tsx
FN:42,AuthProvider
FN:44,(anonymous_1)
FN:61,(anonymous_2)
FN:66,(anonymous_3)
FN:71,(anonymous_4)
FN:88,(anonymous_5)
FN:99,(anonymous_6)
FN:104,(anonymous_7)
FN:117,(anonymous_8)
FN:117,(anonymous_9)
FN:121,(anonymous_10)
FN:127,(anonymous_11)
FN:131,(anonymous_12)
FN:137,(anonymous_13)
FN:142,(anonymous_14)
FN:147,(anonymous_15)
FN:176,useAuth
FNF:17
FNH:15
FNDA:22,AuthProvider
FNDA:3,(anonymous_1)
FNDA:3,(anonymous_2)
FNDA:3,(anonymous_3)
FNDA:3,(anonymous_4)
FNDA:5,(anonymous_5)
FNDA:15,(anonymous_6)
FNDA:3,(anonymous_7)
FNDA:22,(anonymous_8)
FNDA:0,(anonymous_9)
FNDA:6,(anonymous_10)
FNDA:15,(anonymous_11)
FNDA:6,(anonymous_12)
FNDA:3,(anonymous_13)
FNDA:0,(anonymous_14)
FNDA:1,(anonymous_15)
FNDA:15,useAuth
DA:2,24
DA:10,24
DA:11,24
DA:12,24
DA:37,24
DA:39,24
DA:40,24
DA:42,24
DA:43,22
DA:44,22
DA:45,3
DA:46,3
DA:47,0
DA:48,0
DA:54,0
DA:56,0
DA:58,3
DA:61,22
DA:62,3
DA:66,22
DA:67,3
DA:71,22
DA:72,3
DA:73,3
DA:74,3
DA:80,0
DA:82,3
DA:83,3
DA:85,22
DA:86,22
DA:88,22
DA:89,5
DA:90,5
DA:91,5
DA:92,5
DA:93,5
DA:94,5
DA:95,5
DA:96,5
DA:99,22
DA:100,15
DA:103,22
DA:105,3
DA:106,3
DA:107,3
DA:108,3
DA:109,3
DA:110,3
DA:111,3
DA:116,22
DA:117,22
DA:121,22
DA:122,6
DA:123,6
DA:124,6
DA:127,22
DA:128,15
DA:129,6
DA:131,6
DA:133,9
DA:137,22
DA:138,3
DA:139,3
DA:142,22
DA:143,0
DA:144,0
DA:147,22
DA:148,1
DA:149,1
DA:150,0
DA:152,1
DA:153,1
DA:157,22
DA:171,22
DA:176,24
DA:177,15
DA:178,15
DA:179,15
LF:78
LH:70
BRDA:48,0,0,0
BRDA:48,0,1,0
BRDA:49,1,0,0
BRDA:49,1,1,0
BRDA:49,1,2,0
BRDA:49,1,3,0
BRDA:62,2,0,3
BRDA:62,2,1,0
BRDA:67,3,0,3
BRDA:67,3,1,0
BRDA:72,4,0,0
BRDA:72,4,1,3
BRDA:74,5,0,0
BRDA:74,5,1,3
BRDA:75,6,0,3
BRDA:75,6,1,3
BRDA:75,6,2,3
BRDA:75,6,3,3
BRDA:83,7,0,0
BRDA:83,7,1,3
BRDA:111,8,0,0
BRDA:111,8,1,3
BRDA:128,9,0,6
BRDA:128,9,1,9
BRDA:178,10,0,0
BRDA:178,10,1,15
BRF:26
BRH:13
end_of_record
TN:
SF:src/contexts/ToastContext.tsx
FN:10,(anonymous_0)
FN:11,(anonymous_1)
FN:14,ToastProvider
FN:25,useToast
FNF:4
FNH:2
FNDA:0,(anonymous_0)
FNDA:0,(anonymous_1)
FNDA:29,ToastProvider
FNDA:37,useToast
DA:1,13
DA:2,13
DA:9,13
DA:14,13
DA:15,29
DA:25,13
DA:26,37
LF:7
LH:7
BRF:0
BRH:0
end_of_record
TN:
SF:src/hooks/useAppointments.ts
FN:4,useAppointments
FNF:1
FNH:1
FNDA:1,useAppointments
DA:1,1
DA:4,1
DA:5,1
LF:3
LH:3
BRF:0
BRH:0
end_of_record
TN:
SF:src/hooks/useClients.ts
FN:4,useClients
FNF:1
FNH:1
FNDA:1,useClients
DA:1,1
DA:4,1
DA:5,1
LF:3
LH:3
BRF:0
BRH:0
end_of_record
TN:
SF:src/hooks/useDashboard.ts
FN:7,useDashboard
FN:12,(anonymous_1)
FN:14,(anonymous_2)
FN:23,(anonymous_3)
FNF:4
FNH:4
FNDA:2,useDashboard
FNDA:1,(anonymous_1)
FNDA:1,(anonymous_2)
FNDA:1,(anonymous_3)
DA:1,1
DA:2,1
DA:7,1
DA:8,2
DA:9,2
DA:10,2
DA:12,2
DA:13,1
DA:14,1
DA:15,1
DA:16,1
DA:17,1
DA:19,1
DA:22,1
DA:23,1
DA:24,1
DA:28,2
LF:17
LH:17
BRDA:17,0,0,1
BRDA:17,0,1,0
BRDA:19,1,0,1
BRDA:19,1,1,0
BRDA:28,2,0,1
BRDA:28,2,1,1
BRDA:28,3,0,2
BRDA:28,3,1,2
BRDA:28,4,0,1
BRDA:28,4,1,1
BRDA:28,5,0,2
BRDA:28,5,1,1
BRF:12
BRH:10
end_of_record
TN:
SF:src/hooks/useList.ts
FN:4,useList
FN:10,(anonymous_1)
FN:14,(anonymous_2)
FN:17,(anonymous_3)
FN:23,(anonymous_4)
FN:26,(anonymous_5)
FNF:6
FNH:6
FNDA:8,useList
FNDA:6,(anonymous_1)
FNDA:5,(anonymous_2)
FNDA:1,(anonymous_3)
FNDA:6,(anonymous_4)
FNDA:6,(anonymous_5)
DA:1,1
DA:2,1
DA:4,1
DA:5,8
DA:6,8
DA:7,8
DA:8,8
DA:10,8
DA:11,6
DA:12,6
DA:13,6
DA:15,5
DA:18,1
DA:19,1
DA:24,6
DA:26,6
DA:27,6
DA:31,8
LF:18
LH:18
BRDA:15,0,0,5
BRDA:15,0,1,0
BRDA:18,1,0,1
BRDA:18,1,1,0
BRDA:20,2,0,1
BRDA:20,2,1,0
BRDA:24,3,0,6
BRDA:24,3,1,0
BRF:8
BRH:4
end_of_record
TN:
SF:src/hooks/useProducts.ts
FN:4,useProducts
FNF:1
FNH:1
FNDA:1,useProducts
DA:1,1
DA:4,1
DA:5,1
LF:3
LH:3
BRF:0
BRH:0
end_of_record
TN:
SF:src/hooks/useServices.ts
FN:4,useServices
FNF:1
FNH:1
FNDA:1,useServices
DA:1,1
DA:4,1
DA:5,1
LF:3
LH:3
BRF:0
BRH:0
end_of_record
TN:
SF:src/pages/faq.tsx
FN:20,FAQPage
FNF:1
FNH:1
FNDA:1,FAQPage
DA:1,1
DA:2,1
DA:3,1
DA:5,1
DA:20,1
DA:21,1
LF:6
LH:6
BRF:0
BRH:0
end_of_record
TN:
SF:src/pages/appointments/index.tsx
FN:16,(anonymous_10)
FN:16,(anonymous_11)
FN:26,AppointmentsPage
FN:38,(anonymous_13)
FN:44,(anonymous_14)
FN:50,(anonymous_15)
FN:56,(anonymous_16)
FN:67,(anonymous_17)
FN:88,(anonymous_18)
FN:93,(anonymous_19)
FN:98,(anonymous_20)
FNF:11
FNH:8
FNDA:1,(anonymous_10)
FNDA:1,(anonymous_11)
FNDA:7,AppointmentsPage
FNDA:4,(anonymous_13)
FNDA:0,(anonymous_14)
FNDA:1,(anonymous_15)
FNDA:1,(anonymous_16)
FNDA:1,(anonymous_17)
FNDA:1,(anonymous_18)
FNDA:0,(anonymous_19)
FNDA:0,(anonymous_20)
DA:1,3
DA:2,3
DA:3,3
DA:4,3
DA:5,3
DA:6,3
DA:7,3
DA:8,3
DA:9,3
DA:10,3
DA:11,3
DA:12,3
DA:16,3
DA:19,3
DA:26,3
DA:27,7
DA:28,7
DA:29,7
DA:30,7
DA:31,7
DA:32,6
DA:33,6
DA:35,6
DA:36,6
DA:38,5
DA:44,5
DA:45,0
DA:46,0
DA:47,0
DA:50,5
DA:51,1
DA:52,1
DA:53,1
DA:56,5
DA:57,1
DA:58,1
DA:62,1
DA:63,1
DA:67,5
DA:68,1
DA:69,1
DA:71,0
DA:73,1
DA:76,5
DA:89,1
DA:93,0
DA:98,0
LF:47
LH:41
BRDA:35,0,0,0
BRDA:35,0,1,6
BRDA:35,1,0,6
BRDA:35,1,1,6
BRDA:36,2,0,1
BRDA:36,2,1,5
BRDA:38,3,0,0
BRDA:38,3,1,5
BRDA:38,4,0,5
BRDA:38,4,1,5
BRDA:40,5,0,4
BRDA:40,5,1,0
BRDA:40,6,0,4
BRDA:40,6,1,4
BRDA:40,7,0,0
BRDA:40,7,1,4
BRDA:40,8,0,4
BRDA:40,8,1,4
BRDA:68,9,0,1
BRDA:68,9,1,0
BRDA:79,10,0,5
BRDA:79,10,1,1
BRF:22
BRH:17
end_of_record
TN:
SF:src/pages/auth/login.tsx
FN:13,LoginPage
FN:22,(anonymous_11)
FN:39,(anonymous_12)
FNF:3
FNH:3
FNDA:2,LoginPage
FNDA:1,(anonymous_11)
FNDA:10,(anonymous_12)
DA:1,2
DA:2,2
DA:3,2
DA:4,2
DA:5,2
DA:6,2
DA:8,2
DA:13,2
DA:14,2
DA:15,2
DA:17,2
DA:26,1
DA:27,1
DA:28,1
DA:30,0
DA:33,0
DA:35,1
DA:48,10
LF:18
LH:16
BRDA:31,0,0,0
BRDA:31,0,1,0
BRDA:59,1,0,10
BRDA:59,1,1,5
BRDA:59,1,2,1
BRDA:75,2,0,10
BRDA:75,2,1,4
BRDA:75,2,2,1
BRDA:82,3,0,1
BRDA:82,3,1,9
BRDA:84,4,0,10
BRDA:84,4,1,0
BRF:12
BRH:9
end_of_record
TN:
SF:src/utils/calendarMap.ts
FN:13,colorFor
FN:22,mapAppointmentsToEvents
FN:28,(anonymous_2)
FN:29,(anonymous_3)
FN:32,(anonymous_4)
FN:35,(anonymous_5)
FNF:6
FNH:6
FNDA:5,colorFor
FNDA:2,mapAppointmentsToEvents
FNDA:4,(anonymous_2)
FNDA:4,(anonymous_3)
FNDA:4,(anonymous_4)
FNDA:3,(anonymous_5)
DA:13,1
DA:14,5
DA:15,3
DA:16,2
DA:17,1
DA:18,1
DA:19,1
DA:22,1
DA:28,4
DA:29,4
DA:31,2
DA:33,4
DA:36,3
DA:37,3
DA:38,3
DA:39,3
DA:42,3
DA:43,3
LF:18
LH:18
BRDA:14,0,0,2
BRDA:14,0,1,3
BRDA:15,1,0,1
BRDA:15,1,1,2
BRDA:16,2,0,1
BRDA:16,2,1,1
BRDA:24,3,0,0
BRDA:25,4,0,0
BRDA:26,5,0,0
BRDA:33,6,0,2
BRDA:33,6,1,2
BRDA:33,7,0,0
BRDA:33,7,1,2
BRDA:33,8,0,2
BRDA:33,8,1,2
BRDA:36,9,0,3
BRDA:36,9,1,0
BRDA:36,10,0,0
BRDA:36,10,1,3
BRDA:36,11,0,3
BRDA:36,11,1,3
BRDA:37,12,0,3
BRDA:37,12,1,0
BRDA:37,13,0,0
BRDA:37,13,1,3
BRDA:37,14,0,3
BRDA:37,14,1,3
BRDA:39,15,0,3
BRDA:39,15,1,0
BRDA:39,16,0,3
BRDA:39,16,1,3
BRDA:39,17,0,0
BRDA:39,17,1,3
BRDA:39,18,0,3
BRDA:39,18,1,3
BRDA:39,19,0,3
BRDA:39,19,1,0
BRDA:39,20,0,0
BRDA:39,20,1,3
BRDA:39,21,0,3
BRDA:39,21,1,3
BRDA:40,22,0,3
BRDA:40,22,1,0
BRDA:40,23,0,3
BRDA:40,23,1,3
BRDA:40,24,0,0
BRDA:40,24,1,3
BRDA:40,25,0,3
BRDA:40,25,1,3
BRDA:41,26,0,3
BRDA:41,26,1,0
BRDA:41,27,0,0
BRDA:41,27,1,3
BRDA:41,28,0,3
BRDA:41,28,1,3
BRDA:42,29,0,0
BRDA:42,29,1,3
BRDA:42,30,0,3
BRDA:42,30,1,3
BRDA:45,31,0,3
BRDA:45,31,1,0
BRF:61
BRH:43
end_of_record
TN:
SF:src/utils/string.ts
FN:1,capitalizeFirst
FNF:1
FNH:1
FNDA:2,capitalizeFirst
DA:1,1
DA:2,2
DA:3,1
DA:5,1
LF:4
LH:4
BRDA:2,0,0,1
BRDA:2,0,1,1
BRF:2
BRH:2
end_of_record
